#
# A fatal error has been detected by the Java Runtime Environment:
#
#  SIGSEGV (0xb) at pc=0x00000001159acbda, pid=64203, tid=24067
#
# JRE version: OpenJDK Runtime Environment Temurin-17.0.12+7 (17.0.12+7) (build 17.0.12+7)
# Java VM: OpenJDK 64-Bit Server VM Temurin-17.0.12+7 (17.0.12+7, mixed mode, tiered, compressed oops, compressed class ptrs, parallel gc, bsd-amd64)
# Problematic frame:
# V  [libjvm.dylib+0x8c7bda]  PSRootsClosure<false>::do_oop(oopDesc**)+0xa
#
# No core dump will be written. Core dumps have been disabled. To enable core dumping, try "ulimit -c unlimited" before starting Java again
#
# If you would like to submit a bug report, please visit:
#   https://github.com/adoptium/adoptium-support/issues
#

---------------  S U M M A R Y ------------

Command Line: --add-modules=ALL-SYSTEM --add-opens=java.base/java.util=ALL-UNNAMED --add-opens=java.base/java.lang=ALL-UNNAMED --add-opens=java.base/sun.nio.fs=ALL-UNNAMED -Declipse.application=org.eclipse.jdt.ls.core.id1 -Dosgi.bundles.defaultStartLevel=4 -Declipse.product=org.eclipse.jdt.ls.core.product -Djava.import.generatesMetadataFilesAtProjectRoot=false -DDetectVMInstallationsJob.disabled=true -Dfile.encoding=utf8 -XX:+UseParallelGC -XX:GCTimeRatio=4 -XX:AdaptiveSizePolicyWeight=90 -Dsun.zip.disableMemoryMapping=true -Xmx1G -Xms100m -Xlog:disable -javaagent:/Users/ap20/.vscode/extensions/redhat.java-1.34.2024080308-darwin-x64/lombok/lombok-1.18.33.jar -XX:+HeapDumpOnOutOfMemoryError -XX:HeapDumpPath=/Users/ap20/Library/Application Support/Code/User/workspaceStorage/edca37e6618c3adfe238a00c88225ab0/redhat.java -Daether.dependencyCollector.impl=bf /Users/ap20/.vscode/extensions/redhat.java-1.34.2024080308-darwin-x64/server/plugins/org.eclipse.equinox.launcher_1.6.900.v20240613-2009.jar -configuration /Users/ap20/Library/Application Support/Code/User/globalStorage/redhat.java/1.34.2024080308/config_mac -data /Users/ap20/Library/Application Support/Code/User/workspaceStorage/edca37e6618c3adfe238a00c88225ab0/redhat.java/jdt_ws --pipe=/private/var/folders/5b/vwmptz0s5wx33k249kc8dmjw0000gn/T/lsp-4dcf36fa75a782cf4093a27997527e87.sock

Host: "MacBookPro13,3" x86_64 2900 MHz, 8 cores, 16G, Darwin 21.6.0, macOS 12.6.1 (21G217)
Time: Tue Aug  6 22:51:39 2024 MDT elapsed time: 44.803746 seconds (0d 0h 0m 44s)

---------------  T H R E A D  ---------------

Current thread (0x00007fd8990265d0):  GCTaskThread "GC Thread#3" [stack: 0x000070000264b000,0x000070000274b000] [id=24067]

Stack: [0x000070000264b000,0x000070000274b000],  sp=0x000070000274ace0,  free space=1023k
Native frames: (J=compiled Java code, j=interpreted, Vv=VM code, C=native code)
V  [libjvm.dylib+0x8c7bda]  PSRootsClosure<false>::do_oop(oopDesc**)+0xa
V  [libjvm.dylib+0x493e5c]  HandleArea::oops_do(OopClosure*)+0x4c
V  [libjvm.dylib+0xa56b96]  JavaThread::oops_do_no_frames(OopClosure*, CodeBlobClosure*)+0x46
V  [libjvm.dylib+0xa5369f]  Thread::oops_do(OopClosure*, CodeBlobClosure*)+0x4f
V  [libjvm.dylib+0x8c7baf]  PSThreadRootsTaskClosure::do_thread(Thread*)+0x4f
V  [libjvm.dylib+0xa58318]  Threads::possibly_parallel_threads_do(bool, ThreadClosure*)+0x68
V  [libjvm.dylib+0x8c6cf2]  ScavengeRootsTask::work(unsigned int)+0x1f2
V  [libjvm.dylib+0xafef02]  GangWorker::run()+0x62
V  [libjvm.dylib+0xa532c7]  Thread::call_run()+0xa7
V  [libjvm.dylib+0x86137c]  thread_native_entry(Thread*)+0x14c
C  [libsystem_pthread.dylib+0x64e1]  _pthread_start+0x7d
C  [libsystem_pthread.dylib+0x1f6b]  thread_start+0xf

JavaThread 0x00007fd89a008e00 (nid = 43011) was being processed

siginfo: si_signo: 11 (SIGSEGV), si_code: 1 (SEGV_MAPERR), si_addr: 0x0000000000000010

Registers:
RAX=0x0000000115da43f0, RBX=0x0000000000000010, RCX=0x0000000000000002, RDX=0x000070000274adb8
RSP=0x000070000274ace0, RBP=0x000070000274acf0, RSI=0x0000000000000010, RDI=0x000070000274add0
R8 =0x0000000115e03528, R9 =0x0000000000000000, R10=0x0000000115e03520, R11=0x0000000115db57b0
R12=0x0000000000000018, R13=0x00007fd89fd2bf10, R14=0x00007fd89910e460, R15=0x00007fd8994e39d0
RIP=0x00000001159acbda, EFLAGS=0x0000000000010283, ERR=0x0000000000000004
  TRAPNO=0x000000000000000e


Register to memory mapping:

RAX=0x0000000115da43f0: _ZTV14PSRootsClosureILb0EE+0x10 in /Users/ap20/.vscode/extensions/redhat.java-1.34.2024080308-darwin-x64/jre/17.0.12-macosx-x86_64/lib/server/libjvm.dylib at 0x00000001150e5000
RBX=0x0000000000000010 is an unknown value
RCX=0x0000000000000002 is an unknown value
RDX=0x000070000274adb8 points into unknown readable memory: 0x0000000115d949a0 | a0 49 d9 15 01 00 00 00
RSP=0x000070000274ace0 points into unknown readable memory: 0x000070000274add0 | d0 ad 74 02 00 70 00 00
RBP=0x000070000274acf0 points into unknown readable memory: 0x000070000274ad30 | 30 ad 74 02 00 70 00 00
RSI=0x0000000000000010 is an unknown value
RDI=0x000070000274add0 points into unknown readable memory: 0x0000000115da43f0 | f0 43 da 15 01 00 00 00
R8 =0x0000000115e03528: _ZN10PSScavenge37_young_generation_boundary_compressedE+0 in /Users/ap20/.vscode/extensions/redhat.java-1.34.2024080308-darwin-x64/jre/17.0.12-macosx-x86_64/lib/server/libjvm.dylib at 0x00000001150e5000
R9 =0x0 is NULL
R10=0x0000000115e03520: _ZN10PSScavenge26_young_generation_boundaryE+0 in /Users/ap20/.vscode/extensions/redhat.java-1.34.2024080308-darwin-x64/jre/17.0.12-macosx-x86_64/lib/server/libjvm.dylib at 0x00000001150e5000
R11=0x0000000115db57b0: _ZN14CompressedOops11_narrow_oopE+0 in /Users/ap20/.vscode/extensions/redhat.java-1.34.2024080308-darwin-x64/jre/17.0.12-macosx-x86_64/lib/server/libjvm.dylib at 0x00000001150e5000
R12=0x0000000000000018 is an unknown value
R13=0x00007fd89fd2bf10 points into unknown readable memory: 0x00007fd89a81c800 | 00 c8 81 9a d8 7f 00 00
R14=0x00007fd89910e460 points into unknown readable memory: 0x0000000000000000 | 00 00 00 00 00 00 00 00
R15=0x00007fd8994e39d0 points into unknown readable memory: 0x5b28003b985effff | ff ff 5e 98 3b 00 28 5b


Top of Stack: (sp=0x000070000274ace0)
0x000070000274ace0:   000070000274add0 00007fd89910e460
0x000070000274acf0:   000070000274ad30 0000000115578e5c
0x000070000274ad00:   0000000115da43f0 000070000274adb8
0x000070000274ad10:   00007fd89a008e00 00007fd89fd2bf10
0x000070000274ad20:   000070000274add0 00007fd89a008e00
0x000070000274ad30:   000070000274ad70 0000000115b3bb96
0x000070000274ad40:   0000000115d89c28 000070000274adb8
0x000070000274ad50:   00007fd89a008e00 00007fd89fd2bf10
0x000070000274ad60:   000070000274add0 00007fd8990265d0
0x000070000274ad70:   000070000274ada0 0000000115b3869f
0x000070000274ad80:   00007fd89a008e00 0000000000000240
0x000070000274ad90:   00007fd89a817780 000000000000003e
0x000070000274ada0:   000070000274adf0 00000001159acbaf
0x000070000274adb0:   ffffffffffffffff 0000000115d949a0
0x000070000274adc0:   000070000274add0 ffffffffffffff01
0x000070000274add0:   0000000115da43f0 00007fd89a817780
0x000070000274ade0:   000070000274ae90 0000000000000100
0x000070000274adf0:   000070000274ae30 0000000115b3d318
0x000070000274ae00:   0000000115da43d8 00007fd89a817780
0x000070000274ae10:   000070000181a7c8 00007ff842bb4c04
0x000070000274ae20:   000070000181a690 0000000000000003
0x000070000274ae30:   000070000274aee0 00000001159abcf2
0x000070000274ae40:   0000000000000008 000070000181a500
0x000070000274ae50:   00007fd899026880 00007fd89952aaf0
0x000070000274ae60:   00007fd89952ab00 000070000181a690
0x000070000274ae70:   00007fd89952aed8 00000000000003d8
0x000070000274ae80:   0000000000000000 0000000000000000
0x000070000274ae90:   0000000115da43d8 0000700000000003
0x000070000274aea0:   0000000000000000 000070000181a290
0x000070000274aeb0:   000000020000003a 00007fd8990265d0
0x000070000274aec0:   000070000181a690 00007ff842bb4c04
0x000070000274aed0:   000070000274aef8 0000000000000003 

Instructions: (pc=0x00000001159acbda)
0x00000001159acada:   8b 7f 08 48 8b 16 89 d0 f7 d0 a8 03 75 2e 48 8d
0x00000001159acaea:   0d 22 2b 44 00 89 d6 83 e6 07 48 83 e2 fc 31 c0
0x00000001159acafa:   83 fe 05 48 0f 45 c2 80 39 00 48 0f 44 c2 49 89
0x00000001159acb0a:   06 48 39 05 0e 6a 45 00 76 13 eb 19 e8 d5 c9 ff
0x00000001159acb1a:   ff 49 89 06 48 39 05 fb 69 45 00 77 08 48 8b 43
0x00000001159acb2a:   10 c6 40 22 01 5b 41 5e 5d c3 66 66 66 2e 0f 1f
0x00000001159acb3a:   84 00 00 00 00 00 55 48 89 e5 48 8d 3d 12 71 2d
0x00000001159acb4a:   00 be 56 00 00 00 e8 fb f3 a6 ff 5d e9 55 93 f9
0x00000001159acb5a:   ff 0f 1f 44 00 00 55 48 89 e5 41 56 53 48 83 ec
0x00000001159acb6a:   30 48 89 f3 8b 7f 08 e8 7a aa ff ff 49 89 c6 48
0x00000001159acb7a:   8d 05 70 78 3f 00 48 89 45 e0 4c 89 75 e8 48 8d
0x00000001159acb8a:   75 e0 48 89 75 d0 c6 45 d8 01 48 8d 05 f5 7d 3e
0x00000001159acb9a:   00 48 83 c0 10 48 89 45 c8 48 8d 55 c8 48 89 df
0x00000001159acbaa:   e8 a1 ba 18 00 4c 89 f7 31 f6 e8 57 af ff ff 48
0x00000001159acbba:   83 c4 30 5b 41 5e 5d c3 66 66 66 66 66 2e 0f 1f
0x00000001159acbca:   84 00 00 00 00 00 55 48 89 e5 41 56 53 48 89 f3
0x00000001159acbda:   48 8b 36 48 39 35 3c 69 45 00 77 3c 48 8b 7f 08
0x00000001159acbea:   48 8b 16 89 d0 f7 d0 a8 03 75 32 48 8d 05 15 2a
0x00000001159acbfa:   44 00 89 d1 83 e1 07 48 83 e2 fc 45 31 f6 83 f9
0x00000001159acc0a:   05 4c 0f 45 f2 80 38 00 4c 0f 44 f2 4c 89 33 48
0x00000001159acc1a:   39 1d 00 69 45 00 77 19 5b 41 5e 5d c3 e8 c4 c8
0x00000001159acc2a:   ff ff 49 89 c6 4c 89 33 48 39 1d e7 68 45 00 76
0x00000001159acc3a:   e7 48 8d 05 9e f1 46 00 48 8b 38 48 89 de e8 13
0x00000001159acc4a:   13 fb ff 84 c0 74 d1 4c 39 35 c8 68 45 00 77 c8
0x00000001159acc5a:   48 8b 05 af 68 45 00 48 8b 40 40 48 c1 eb 09 c6
0x00000001159acc6a:   04 18 03 5b 41 5e 5d c3 66 66 66 66 66 2e 0f 1f
0x00000001159acc7a:   84 00 00 00 00 00 55 48 89 e5 41 57 41 56 53 50
0x00000001159acc8a:   48 89 f3 8b 36 48 39 35 92 68 45 00 0f 87 9c 00
0x00000001159acc9a:   00 00 48 8b 7f 08 4c 8d 3d 09 8b 40 00 49 8b 07
0x00000001159accaa:   41 0f b6 4f 08 48 d3 e6 48 8b 14 06 89 d1 f7 d1
0x00000001159accba:   f6 c1 03 75 23 48 8d 05 4b 29 44 00 89 d1 83 e1
0x00000001159accca:   07 48 83 e2 fc 45 31 f6 83 f9 05 4c 0f 45 f2 80 


Stack slot to memory mapping:
stack at sp + 0 slots: 0x000070000274add0 points into unknown readable memory: 0x0000000115da43f0 | f0 43 da 15 01 00 00 00
stack at sp + 1 slots: 0x00007fd89910e460 points into unknown readable memory: 0x0000000000000000 | 00 00 00 00 00 00 00 00
stack at sp + 2 slots: 0x000070000274ad30 points into unknown readable memory: 0x000070000274ad70 | 70 ad 74 02 00 70 00 00
stack at sp + 3 slots: 0x0000000115578e5c: _ZN10HandleArea7oops_doEP10OopClosure+0x4c in /Users/ap20/.vscode/extensions/redhat.java-1.34.2024080308-darwin-x64/jre/17.0.12-macosx-x86_64/lib/server/libjvm.dylib at 0x00000001150e5000
stack at sp + 4 slots: 0x0000000115da43f0: _ZTV14PSRootsClosureILb0EE+0x10 in /Users/ap20/.vscode/extensions/redhat.java-1.34.2024080308-darwin-x64/jre/17.0.12-macosx-x86_64/lib/server/libjvm.dylib at 0x00000001150e5000
stack at sp + 5 slots: 0x000070000274adb8 points into unknown readable memory: 0x0000000115d949a0 | a0 49 d9 15 01 00 00 00
stack at sp + 6 slots: 0x00007fd89a008e00 is a thread
stack at sp + 7 slots: 0x00007fd89fd2bf10 points into unknown readable memory: 0x00007fd89a81c800 | 00 c8 81 9a d8 7f 00 00


---------------  P R O C E S S  ---------------

Threads class SMR info:
_java_thread_list=0x00007fd89fd2beb0, length=39, elements={
0x00007fd89880b800, 0x00007fd89d009e00, 0x00007fd89a810a00, 0x00007fd89d00c600,
0x00007fd89b818e00, 0x00007fd89d00cc00, 0x00007fd89d00d200, 0x00007fd89a008e00,
0x00007fd89a81c800, 0x00007fd89a81ea00, 0x00007fd89b011800, 0x00007fd899811400,
0x00007fd89b925000, 0x00007fd89d08b800, 0x00007fd898939200, 0x00007fd8998d7800,
0x00007fd89a957800, 0x00007fd89b12a400, 0x00007fd89c937c00, 0x00007fd8988ce800,
0x00007fd89a91f400, 0x00007fd89b959400, 0x00007fd89c8fc800, 0x00007fd89b9b8c00,
0x00007fd89a8a0e00, 0x00007fd89a90a000, 0x00007fd899b12c00, 0x00007fd89c948200,
0x00007fd89880ca00, 0x00007fd89a144c00, 0x00007fd89a977600, 0x00007fd89b150a00,
0x00007fd89d01f800, 0x00007fd89a30c800, 0x00007fd89c902c00, 0x00007fd89c829c00,
0x00007fd89b814600, 0x00007fd89d243600, 0x00007fd89b011000
}

Java Threads: ( => current thread )
  0x00007fd89880b800 JavaThread "main" [_thread_blocked, id=10243, stack(0x0000700001515000,0x0000700001615000)]
  0x00007fd89d009e00 JavaThread "Reference Handler" daemon [_thread_blocked, id=14339, stack(0x000070000181e000,0x000070000191e000)]
  0x00007fd89a810a00 JavaThread "Finalizer" daemon [_thread_blocked, id=18691, stack(0x0000700001921000,0x0000700001a21000)]
  0x00007fd89d00c600 JavaThread "Signal Dispatcher" daemon [_thread_blocked, id=17155, stack(0x0000700001b2a000,0x0000700001c2a000)]
  0x00007fd89b818e00 JavaThread "Service Thread" daemon [_thread_blocked, id=16899, stack(0x0000700001c2d000,0x0000700001d2d000)]
  0x00007fd89d00cc00 JavaThread "Monitor Deflation Thread" daemon [_thread_blocked, id=21763, stack(0x0000700001d30000,0x0000700001e30000)]
  0x00007fd89d00d200 JavaThread "C2 CompilerThread0" daemon [_thread_blocked, id=22019, stack(0x0000700001e33000,0x0000700001f33000)]
  0x00007fd89a008e00 JavaThread "C1 CompilerThread0" daemon [_thread_blocked, id=43011, stack(0x0000700001f36000,0x0000700002036000)]
  0x00007fd89a81c800 JavaThread "Sweeper thread" daemon [_thread_blocked, id=42499, stack(0x0000700002039000,0x0000700002139000)]
  0x00007fd89a81ea00 JavaThread "Common-Cleaner" daemon [_thread_blocked, id=42243, stack(0x000070000213c000,0x000070000223c000)]
  0x00007fd89b011800 JavaThread "Notification Thread" daemon [_thread_blocked, id=41991, stack(0x000070000223f000,0x000070000233f000)]
  0x00007fd899811400 JavaThread "Active Thread: Equinox Container: b817f534-a741-41b7-b10c-a3645ca0ccc8" [_thread_blocked, id=25859, stack(0x0000700002a57000,0x0000700002b57000)]
  0x00007fd89b925000 JavaThread "Framework Event Dispatcher: Equinox Container: b817f534-a741-41b7-b10c-a3645ca0ccc8" daemon [_thread_blocked, id=40451, stack(0x0000700002b5a000,0x0000700002c5a000)]
  0x00007fd89d08b800 JavaThread "Start Level: Equinox Container: b817f534-a741-41b7-b10c-a3645ca0ccc8" daemon [_thread_blocked, id=40195, stack(0x0000700002c5d000,0x0000700002d5d000)]
  0x00007fd898939200 JavaThread "Bundle File Closer" daemon [_thread_blocked, id=25351, stack(0x0000700002954000,0x0000700002a54000)]
  0x00007fd8998d7800 JavaThread "SCR Component Actor" daemon [_thread_blocked, id=86019, stack(0x000070000306c000,0x000070000316c000)]
  0x00007fd89a957800 JavaThread "Worker-JM" [_thread_blocked, id=85763, stack(0x0000700003272000,0x0000700003372000)]
  0x00007fd89b12a400 JavaThread "Worker-0" [_thread_blocked, id=47623, stack(0x0000700003375000,0x0000700003475000)]
  0x00007fd89c937c00 JavaThread "Worker-1" [_thread_blocked, id=85255, stack(0x0000700003478000,0x0000700003578000)]
  0x00007fd8988ce800 JavaThread "Worker-2: Initialize Workspace" [_thread_blocked, id=47875, stack(0x000070000357b000,0x000070000367b000)]
  0x00007fd89a91f400 JavaThread "Java indexing" daemon [_thread_blocked, id=48387, stack(0x000070000367e000,0x000070000377e000)]
  0x00007fd89b959400 JavaThread "Worker-3" [_thread_blocked, id=84483, stack(0x0000700003781000,0x0000700003881000)]
  0x00007fd89c8fc800 JavaThread "pool-2-thread-1" [_thread_blocked, id=48643, stack(0x0000700003884000,0x0000700003984000)]
  0x00007fd89b9b8c00 JavaThread "WorkspaceEventsHandler" [_thread_blocked, id=45579, stack(0x0000700002d60000,0x0000700002e60000)]
  0x00007fd89a8a0e00 JavaThread "pool-1-thread-1" [_thread_blocked, id=49155, stack(0x0000700003987000,0x0000700003a87000)]
  0x00007fd89a90a000 JavaThread "process reaper (pid 64391)" daemon [_thread_in_native, id=49411, stack(0x0000700003a8a000,0x0000700003aae000)]
  0x00007fd899b12c00 JavaThread "Worker-4" [_thread_blocked, id=50695, stack(0x0000700003ab1000,0x0000700003bb1000)]
  0x00007fd89c948200 JavaThread "Timer-0" [_thread_blocked, id=50187, stack(0x0000700003bb4000,0x0000700003cb4000)]
  0x00007fd89880ca00 JavaThread "Exec process" [_thread_blocked, id=46855, stack(0x000070000316f000,0x000070000326f000)]
  0x00007fd89a144c00 JavaThread "Exec process Thread 2" [_thread_blocked, id=17671, stack(0x0000700003ebd000,0x0000700003fbd000)]
  0x00007fd89a977600 JavaThread "Exec process Thread 3" [_thread_blocked, id=28687, stack(0x0000700003fc0000,0x00007000040c0000)]
  0x00007fd89b150a00 JavaThread "Timer-1" [_thread_blocked, id=50447, stack(0x0000700003cb7000,0x0000700003db7000)]
  0x00007fd89d01f800 JavaThread "Timer-2" [_thread_blocked, id=51459, stack(0x00007000040c3000,0x00007000041c3000)]
  0x00007fd89a30c800 JavaThread "Timer-3" [_thread_blocked, id=82695, stack(0x00007000041c6000,0x00007000042c6000)]
  0x00007fd89c902c00 JavaThread "Timer-4" [_thread_blocked, id=52231, stack(0x0000700003dba000,0x0000700003eba000)]
  0x00007fd89c829c00 JavaThread "Timer-5" [_thread_blocked, id=83215, stack(0x00007000042c9000,0x00007000043c9000)]
  0x00007fd89b814600 JavaThread "Connection worker" [_thread_blocked, id=52751, stack(0x00007000043cc000,0x00007000044cc000)]
  0x00007fd89d243600 JavaThread "pool-4-thread-1" [_thread_blocked, id=82183, stack(0x00007000044cf000,0x00007000045cf000)]
  0x00007fd89b011000 JavaThread "Forward input" [_thread_blocked, id=81931, stack(0x00007000046d5000,0x00007000047d5000)]

Other Threads:
  0x00007fd8997065c0 VMThread "VM Thread" [stack: 0x000070000171b000,0x000070000181b000] [id=14083]
  0x00007fd8997553f0 WatcherThread [stack: 0x0000700002342000,0x0000700002442000] [id=41731]
  0x00007fd89871b8f0 GCTaskThread "GC Thread#0" [stack: 0x0000700001618000,0x0000700001718000] [id=12547]
  0x00007fd899026010 GCTaskThread "GC Thread#1" [stack: 0x0000700002445000,0x0000700002545000] [id=23563]
  0x00007fd8996613c0 GCTaskThread "GC Thread#2" [stack: 0x0000700002548000,0x0000700002648000] [id=23815]
=>0x00007fd8990265d0 GCTaskThread "GC Thread#3" [stack: 0x000070000264b000,0x000070000274b000] [id=24067]
  0x00007fd899026ca0 GCTaskThread "GC Thread#4" [stack: 0x000070000274e000,0x000070000284e000] [id=40963]
  0x00007fd899027370 GCTaskThread "GC Thread#5" [stack: 0x0000700002851000,0x0000700002951000] [id=24835]
  0x00007fd899368650 GCTaskThread "GC Thread#6" [stack: 0x0000700002e66000,0x0000700002f66000] [id=45831]
  0x00007fd899368dd0 GCTaskThread "GC Thread#7" [stack: 0x0000700002f69000,0x0000700003069000] [id=46339]

Threads with active compile tasks:
C2 CompilerThread0    44839 7598       4       java.io.ObjectInputStream$FieldValues::<init> (217 bytes)

VM state: at safepoint (normal execution)

VM Mutex/Monitor currently owned by a thread:  ([mutex/lock_event])
[0x00007fd8996071c0] Threads_lock - owner thread: 0x00007fd8997065c0
[0x00007fd899607e90] Heap_lock - owner thread: 0x00007fd89b814600

Heap address: 0x00000007c0000000, size: 1024 MB, Compressed Oops mode: Zero based, Oop shift amount: 3

CDS archive(s) not mapped
Compressed class space mapped at: 0x0000000800000000-0x0000000840000000, reserved size: 1073741824
Narrow klass base: 0x0000000800000000, Narrow klass shift: 0, Narrow klass range: 0x40000000

GC Precious Log:
 CPUs: 8 total, 8 available
 Memory: 16384M
 Large Page Support: Disabled
 NUMA Support: Disabled
 Compressed Oops: Enabled (Zero based)
 Alignments: Space 512K, Generation 512K, Heap 2M
 Heap Min Capacity: 100M
 Heap Initial Capacity: 100M
 Heap Max Capacity: 1G
 Pre-touch: Disabled
 Parallel Workers: 8

Heap:
 PSYoungGen      total 22528K, used 22048K [0x00000007eab00000, 0x00000007ec600000, 0x0000000800000000)
  eden space 22016K, 100% used [0x00000007eab00000,0x00000007ec080000,0x00000007ec080000)
  from space 512K, 6% used [0x00000007ec580000,0x00000007ec588000,0x00000007ec600000)
  to   space 512K, 43% used [0x00000007ec500000,0x00000007ec538000,0x00000007ec580000)
 ParOldGen       total 68608K, used 40522K [0x00000007c0000000, 0x00000007c4300000, 0x00000007eab00000)
  object space 68608K, 59% used [0x00000007c0000000,0x00000007c2792a00,0x00000007c4300000)
 Metaspace       used 71333K, committed 72448K, reserved 1114112K
  class space    used 8941K, committed 9408K, reserved 1048576K

Card table byte_map: [0x0000000114000000,0x0000000114201000] _byte_map_base: 0x0000000110200000

Marking Bits: (ParMarkBitMap*) 0x0000000115e03340
 Begin Bits: [0x0000000118e10000, 0x0000000119e10000)
 End Bits:   [0x0000000119e10000, 0x000000011ae10000)

Polling page: 0x000000010fb56000

Metaspace:

Usage:
  Non-class:     60.93 MB used.
      Class:      8.73 MB used.
       Both:     69.66 MB used.

Virtual space:
  Non-class space:       64.00 MB reserved,      61.56 MB ( 96%) committed,  1 nodes.
      Class space:        1.00 GB reserved,       9.19 MB ( <1%) committed,  1 nodes.
             Both:        1.06 GB reserved,      70.75 MB (  7%) committed. 

Chunk freelists:
   Non-Class:  1.91 MB
       Class:  6.70 MB
        Both:  8.61 MB

MaxMetaspaceSize: unlimited
CompressedClassSpaceSize: 1.00 GB
Initial GC threshold: 21.00 MB
Current GC threshold: 97.31 MB
CDS: off
MetaspaceReclaimPolicy: balanced
 - commit_granule_bytes: 65536.
 - commit_granule_words: 8192.
 - virtual_space_node_default_size: 8388608.
 - enlarge_chunks_in_place: 1.
 - new_chunks_are_fully_committed: 0.
 - uncommit_free_chunks: 1.
 - use_allocation_guard: 0.
 - handle_deallocations: 1.


Internal statistics:

num_allocs_failed_limit: 9.
num_arena_births: 778.
num_arena_deaths: 46.
num_vsnodes_births: 2.
num_vsnodes_deaths: 0.
num_space_committed: 1132.
num_space_uncommitted: 0.
num_chunks_returned_to_freelist: 64.
num_chunks_taken_from_freelist: 3384.
num_chunk_merges: 15.
num_chunk_splits: 2183.
num_chunks_enlarged: 1406.
num_inconsistent_stats: 0.

CodeHeap 'non-profiled nmethods': size=120028Kb used=3793Kb max_used=3793Kb free=116234Kb
 bounds [0x0000000122e26000, 0x00000001231e6000, 0x000000012a35d000]
CodeHeap 'profiled nmethods': size=120028Kb used=12213Kb max_used=12213Kb free=107814Kb
 bounds [0x000000011b35d000, 0x000000011bf4d000, 0x0000000122894000]
CodeHeap 'non-nmethods': size=5704Kb used=1347Kb max_used=1432Kb free=4356Kb
 bounds [0x0000000122894000, 0x0000000122b04000, 0x0000000122e26000]
 total_blobs=7344 nmethods=6656 adapters=603
 compilation: enabled
              stopped_count=0, restarted_count=0
 full_count=0

Compilation events (20 events):
Event: 44.575 Thread 0x00007fd89a008e00 7604       2       java.io.ObjectInputStream$HandleTable::setObject (54 bytes)
Event: 44.575 Thread 0x00007fd89a008e00 nmethod 7604 0x000000011bf4a810 code [0x000000011bf4a9c0, 0x000000011bf4ac80]
Event: 44.575 Thread 0x00007fd89a008e00 7605       1       org.gradle.internal.build.event.types.DefaultBinaryPluginIdentifier::getDisplayName (5 bytes)
Event: 44.575 Thread 0x00007fd89a008e00 nmethod 7605 0x00000001231d2c90 code [0x00000001231d2e20, 0x00000001231d2ef0]
Event: 44.575 Thread 0x00007fd89a008e00 7606       1       org.gradle.internal.build.event.types.DefaultBinaryPluginIdentifier::getClassName (5 bytes)
Event: 44.575 Thread 0x00007fd89a008e00 nmethod 7606 0x00000001231d2f90 code [0x00000001231d3120, 0x00000001231d31f0]
Event: 44.575 Thread 0x00007fd89a008e00 7607       1       org.gradle.internal.build.event.types.DefaultBinaryPluginIdentifier::getPluginId (5 bytes)
Event: 44.575 Thread 0x00007fd89a008e00 nmethod 7607 0x00000001231d3290 code [0x00000001231d3420, 0x00000001231d34f0]
Event: 44.579 Thread 0x00007fd89a008e00 7608   !   2       java.io.ObjectStreamClass::invokeReadResolve (73 bytes)
Event: 44.580 Thread 0x00007fd89a008e00 nmethod 7608 0x000000011bf4ae10 code [0x000000011bf4b040, 0x000000011bf4b660]
Event: 44.691 Thread 0x00007fd89a008e00 7609       2       java.lang.ThreadLocal$ThreadLocalMap$Entry::<init> (11 bytes)
Event: 44.692 Thread 0x00007fd89a008e00 nmethod 7609 0x000000011bf4ba10 code [0x000000011bf4bba0, 0x000000011bf4bd10]
Event: 44.692 Thread 0x00007fd89a008e00 7610       2       com.google.gson.stream.JsonWriter::push (47 bytes)
Event: 44.692 Thread 0x00007fd89a008e00 nmethod 7610 0x000000011bf4be10 code [0x000000011bf4bfc0, 0x000000011bf4c160]
Event: 44.692 Thread 0x00007fd89a008e00 7611       1       org.eclipse.lsp4j.jsonrpc.messages.NotificationMessage::getMethod (5 bytes)
Event: 44.692 Thread 0x00007fd89a008e00 nmethod 7611 0x00000001231d3590 code [0x00000001231d3720, 0x00000001231d37f0]
Event: 44.775 Thread 0x00007fd89d00d200 nmethod 7582 0x00000001231d3890 code [0x00000001231d3c20, 0x00000001231d7278]
Event: 44.776 Thread 0x00007fd89d00d200 7592       4       java.io.ObjectStreamClass$FieldReflector::setObjFieldValues (263 bytes)
Event: 44.790 Thread 0x00007fd89d00d200 nmethod 7592 0x00000001231d9990 code [0x00000001231d9b40, 0x00000001231da1d8]
Event: 44.790 Thread 0x00007fd89d00d200 7598       4       java.io.ObjectInputStream$FieldValues::<init> (217 bytes)

GC Heap History (20 events):
Event: 40.065 GC heap after
{Heap after GC invocations=48 (full 3):
 PSYoungGen      total 22528K, used 288K [0x00000007eab00000, 0x00000007ec600000, 0x0000000800000000)
  eden space 22016K, 0% used [0x00000007eab00000,0x00000007eab00000,0x00000007ec080000)
  from space 512K, 56% used [0x00000007ec500000,0x00000007ec548000,0x00000007ec580000)
  to   space 512K, 0% used [0x00000007ec580000,0x00000007ec580000,0x00000007ec600000)
 ParOldGen       total 68608K, used 39704K [0x00000007c0000000, 0x00000007c4300000, 0x00000007eab00000)
  object space 68608K, 57% used [0x00000007c0000000,0x00000007c26c63b8,0x00000007c4300000)
 Metaspace       used 70898K, committed 72000K, reserved 1114112K
  class space    used 8877K, committed 9344K, reserved 1048576K
}
Event: 41.268 GC heap before
{Heap before GC invocations=49 (full 3):
 PSYoungGen      total 22528K, used 22304K [0x00000007eab00000, 0x00000007ec600000, 0x0000000800000000)
  eden space 22016K, 100% used [0x00000007eab00000,0x00000007ec080000,0x00000007ec080000)
  from space 512K, 56% used [0x00000007ec500000,0x00000007ec548000,0x00000007ec580000)
  to   space 512K, 0% used [0x00000007ec580000,0x00000007ec580000,0x00000007ec600000)
 ParOldGen       total 68608K, used 39704K [0x00000007c0000000, 0x00000007c4300000, 0x00000007eab00000)
  object space 68608K, 57% used [0x00000007c0000000,0x00000007c26c63b8,0x00000007c4300000)
 Metaspace       used 70900K, committed 72000K, reserved 1114112K
  class space    used 8877K, committed 9344K, reserved 1048576K
}
Event: 41.287 GC heap after
{Heap after GC invocations=49 (full 3):
 PSYoungGen      total 22528K, used 160K [0x00000007eab00000, 0x00000007ec600000, 0x0000000800000000)
  eden space 22016K, 0% used [0x00000007eab00000,0x00000007eab00000,0x00000007ec080000)
  from space 512K, 31% used [0x00000007ec580000,0x00000007ec5a8000,0x00000007ec600000)
  to   space 512K, 0% used [0x00000007ec500000,0x00000007ec500000,0x00000007ec580000)
 ParOldGen       total 68608K, used 39800K [0x00000007c0000000, 0x00000007c4300000, 0x00000007eab00000)
  object space 68608K, 58% used [0x00000007c0000000,0x00000007c26de3b8,0x00000007c4300000)
 Metaspace       used 70900K, committed 72000K, reserved 1114112K
  class space    used 8877K, committed 9344K, reserved 1048576K
}
Event: 42.028 GC heap before
{Heap before GC invocations=50 (full 3):
 PSYoungGen      total 22528K, used 22176K [0x00000007eab00000, 0x00000007ec600000, 0x0000000800000000)
  eden space 22016K, 100% used [0x00000007eab00000,0x00000007ec080000,0x00000007ec080000)
  from space 512K, 31% used [0x00000007ec580000,0x00000007ec5a8000,0x00000007ec600000)
  to   space 512K, 0% used [0x00000007ec500000,0x00000007ec500000,0x00000007ec580000)
 ParOldGen       total 68608K, used 39800K [0x00000007c0000000, 0x00000007c4300000, 0x00000007eab00000)
  object space 68608K, 58% used [0x00000007c0000000,0x00000007c26de3b8,0x00000007c4300000)
 Metaspace       used 70903K, committed 72000K, reserved 1114112K
  class space    used 8877K, committed 9344K, reserved 1048576K
}
Event: 42.041 GC heap after
{Heap after GC invocations=50 (full 3):
 PSYoungGen      total 22528K, used 96K [0x00000007eab00000, 0x00000007ec600000, 0x0000000800000000)
  eden space 22016K, 0% used [0x00000007eab00000,0x00000007eab00000,0x00000007ec080000)
  from space 512K, 18% used [0x00000007ec500000,0x00000007ec518000,0x00000007ec580000)
  to   space 512K, 0% used [0x00000007ec580000,0x00000007ec580000,0x00000007ec600000)
 ParOldGen       total 68608K, used 39824K [0x00000007c0000000, 0x00000007c4300000, 0x00000007eab00000)
  object space 68608K, 58% used [0x00000007c0000000,0x00000007c26e43b8,0x00000007c4300000)
 Metaspace       used 70903K, committed 72000K, reserved 1114112K
  class space    used 8877K, committed 9344K, reserved 1048576K
}
Event: 42.279 GC heap before
{Heap before GC invocations=51 (full 3):
 PSYoungGen      total 22528K, used 22112K [0x00000007eab00000, 0x00000007ec600000, 0x0000000800000000)
  eden space 22016K, 100% used [0x00000007eab00000,0x00000007ec080000,0x00000007ec080000)
  from space 512K, 18% used [0x00000007ec500000,0x00000007ec518000,0x00000007ec580000)
  to   space 512K, 0% used [0x00000007ec580000,0x00000007ec580000,0x00000007ec600000)
 ParOldGen       total 68608K, used 39824K [0x00000007c0000000, 0x00000007c4300000, 0x00000007eab00000)
  object space 68608K, 58% used [0x00000007c0000000,0x00000007c26e43b8,0x00000007c4300000)
 Metaspace       used 70903K, committed 72000K, reserved 1114112K
  class space    used 8877K, committed 9344K, reserved 1048576K
}
Event: 42.281 GC heap after
{Heap after GC invocations=51 (full 3):
 PSYoungGen      total 22528K, used 96K [0x00000007eab00000, 0x00000007ec600000, 0x0000000800000000)
  eden space 22016K, 0% used [0x00000007eab00000,0x00000007eab00000,0x00000007ec080000)
  from space 512K, 18% used [0x00000007ec580000,0x00000007ec598000,0x00000007ec600000)
  to   space 512K, 0% used [0x00000007ec500000,0x00000007ec500000,0x00000007ec580000)
 ParOldGen       total 68608K, used 39824K [0x00000007c0000000, 0x00000007c4300000, 0x00000007eab00000)
  object space 68608K, 58% used [0x00000007c0000000,0x00000007c26e43b8,0x00000007c4300000)
 Metaspace       used 70903K, committed 72000K, reserved 1114112K
  class space    used 8877K, committed 9344K, reserved 1048576K
}
Event: 42.532 GC heap before
{Heap before GC invocations=52 (full 3):
 PSYoungGen      total 22528K, used 22112K [0x00000007eab00000, 0x00000007ec600000, 0x0000000800000000)
  eden space 22016K, 100% used [0x00000007eab00000,0x00000007ec080000,0x00000007ec080000)
  from space 512K, 18% used [0x00000007ec580000,0x00000007ec598000,0x00000007ec600000)
  to   space 512K, 0% used [0x00000007ec500000,0x00000007ec500000,0x00000007ec580000)
 ParOldGen       total 68608K, used 39824K [0x00000007c0000000, 0x00000007c4300000, 0x00000007eab00000)
  object space 68608K, 58% used [0x00000007c0000000,0x00000007c26e43b8,0x00000007c4300000)
 Metaspace       used 70905K, committed 72000K, reserved 1114112K
  class space    used 8877K, committed 9344K, reserved 1048576K
}
Event: 42.548 GC heap after
{Heap after GC invocations=52 (full 3):
 PSYoungGen      total 22528K, used 96K [0x00000007eab00000, 0x00000007ec600000, 0x0000000800000000)
  eden space 22016K, 0% used [0x00000007eab00000,0x00000007eab00000,0x00000007ec080000)
  from space 512K, 18% used [0x00000007ec500000,0x00000007ec518000,0x00000007ec580000)
  to   space 512K, 0% used [0x00000007ec580000,0x00000007ec580000,0x00000007ec600000)
 ParOldGen       total 68608K, used 39824K [0x00000007c0000000, 0x00000007c4300000, 0x00000007eab00000)
  object space 68608K, 58% used [0x00000007c0000000,0x00000007c26e43b8,0x00000007c4300000)
 Metaspace       used 70905K, committed 72000K, reserved 1114112K
  class space    used 8877K, committed 9344K, reserved 1048576K
}
Event: 42.788 GC heap before
{Heap before GC invocations=53 (full 3):
 PSYoungGen      total 22528K, used 22112K [0x00000007eab00000, 0x00000007ec600000, 0x0000000800000000)
  eden space 22016K, 100% used [0x00000007eab00000,0x00000007ec080000,0x00000007ec080000)
  from space 512K, 18% used [0x00000007ec500000,0x00000007ec518000,0x00000007ec580000)
  to   space 512K, 0% used [0x00000007ec580000,0x00000007ec580000,0x00000007ec600000)
 ParOldGen       total 68608K, used 39824K [0x00000007c0000000, 0x00000007c4300000, 0x00000007eab00000)
  object space 68608K, 58% used [0x00000007c0000000,0x00000007c26e43b8,0x00000007c4300000)
 Metaspace       used 70905K, committed 72000K, reserved 1114112K
  class space    used 8877K, committed 9344K, reserved 1048576K
}
Event: 42.790 GC heap after
{Heap after GC invocations=53 (full 3):
 PSYoungGen      total 22528K, used 160K [0x00000007eab00000, 0x00000007ec600000, 0x0000000800000000)
  eden space 22016K, 0% used [0x00000007eab00000,0x00000007eab00000,0x00000007ec080000)
  from space 512K, 31% used [0x00000007ec580000,0x00000007ec5a8000,0x00000007ec600000)
  to   space 512K, 0% used [0x00000007ec500000,0x00000007ec500000,0x00000007ec580000)
 ParOldGen       total 68608K, used 39824K [0x00000007c0000000, 0x00000007c4300000, 0x00000007eab00000)
  object space 68608K, 58% used [0x00000007c0000000,0x00000007c26e43b8,0x00000007c4300000)
 Metaspace       used 70905K, committed 72000K, reserved 1114112K
  class space    used 8877K, committed 9344K, reserved 1048576K
}
Event: 43.040 GC heap before
{Heap before GC invocations=54 (full 3):
 PSYoungGen      total 22528K, used 22176K [0x00000007eab00000, 0x00000007ec600000, 0x0000000800000000)
  eden space 22016K, 100% used [0x00000007eab00000,0x00000007ec080000,0x00000007ec080000)
  from space 512K, 31% used [0x00000007ec580000,0x00000007ec5a8000,0x00000007ec600000)
  to   space 512K, 0% used [0x00000007ec500000,0x00000007ec500000,0x00000007ec580000)
 ParOldGen       total 68608K, used 39824K [0x00000007c0000000, 0x00000007c4300000, 0x00000007eab00000)
  object space 68608K, 58% used [0x00000007c0000000,0x00000007c26e43b8,0x00000007c4300000)
 Metaspace       used 70912K, committed 72000K, reserved 1114112K
  class space    used 8877K, committed 9344K, reserved 1048576K
}
Event: 43.041 GC heap after
{Heap after GC invocations=54 (full 3):
 PSYoungGen      total 22528K, used 96K [0x00000007eab00000, 0x00000007ec600000, 0x0000000800000000)
  eden space 22016K, 0% used [0x00000007eab00000,0x00000007eab00000,0x00000007ec080000)
  from space 512K, 18% used [0x00000007ec500000,0x00000007ec518000,0x00000007ec580000)
  to   space 512K, 0% used [0x00000007ec580000,0x00000007ec580000,0x00000007ec600000)
 ParOldGen       total 68608K, used 39824K [0x00000007c0000000, 0x00000007c4300000, 0x00000007eab00000)
  object space 68608K, 58% used [0x00000007c0000000,0x00000007c26e43b8,0x00000007c4300000)
 Metaspace       used 70912K, committed 72000K, reserved 1114112K
  class space    used 8877K, committed 9344K, reserved 1048576K
}
Event: 43.616 GC heap before
{Heap before GC invocations=55 (full 3):
 PSYoungGen      total 22528K, used 22112K [0x00000007eab00000, 0x00000007ec600000, 0x0000000800000000)
  eden space 22016K, 100% used [0x00000007eab00000,0x00000007ec080000,0x00000007ec080000)
  from space 512K, 18% used [0x00000007ec500000,0x00000007ec518000,0x00000007ec580000)
  to   space 512K, 0% used [0x00000007ec580000,0x00000007ec580000,0x00000007ec600000)
 ParOldGen       total 68608K, used 39824K [0x00000007c0000000, 0x00000007c4300000, 0x00000007eab00000)
  object space 68608K, 58% used [0x00000007c0000000,0x00000007c26e43b8,0x00000007c4300000)
 Metaspace       used 71071K, committed 72128K, reserved 1114112K
  class space    used 8905K, committed 9344K, reserved 1048576K
}
Event: 43.618 GC heap after
{Heap after GC invocations=55 (full 3):
 PSYoungGen      total 22528K, used 512K [0x00000007eab00000, 0x00000007ec600000, 0x0000000800000000)
  eden space 22016K, 0% used [0x00000007eab00000,0x00000007eab00000,0x00000007ec080000)
  from space 512K, 100% used [0x00000007ec580000,0x00000007ec600000,0x00000007ec600000)
  to   space 1024K, 0% used [0x00000007ec400000,0x00000007ec400000,0x00000007ec500000)
 ParOldGen       total 68608K, used 39872K [0x00000007c0000000, 0x00000007c4300000, 0x00000007eab00000)
  object space 68608K, 58% used [0x00000007c0000000,0x00000007c26f03c8,0x00000007c4300000)
 Metaspace       used 71071K, committed 72128K, reserved 1114112K
  class space    used 8905K, committed 9344K, reserved 1048576K
}
Event: 44.195 GC heap before
{Heap before GC invocations=56 (full 3):
 PSYoungGen      total 22528K, used 22528K [0x00000007eab00000, 0x00000007ec600000, 0x0000000800000000)
  eden space 22016K, 100% used [0x00000007eab00000,0x00000007ec080000,0x00000007ec080000)
  from space 512K, 100% used [0x00000007ec580000,0x00000007ec600000,0x00000007ec600000)
  to   space 1024K, 0% used [0x00000007ec400000,0x00000007ec400000,0x00000007ec500000)
 ParOldGen       total 68608K, used 39872K [0x00000007c0000000, 0x00000007c4300000, 0x00000007eab00000)
  object space 68608K, 58% used [0x00000007c0000000,0x00000007c26f03c8,0x00000007c4300000)
 Metaspace       used 71328K, committed 72448K, reserved 1114112K
  class space    used 8940K, committed 9408K, reserved 1048576K
}
Event: 44.198 GC heap after
{Heap after GC invocations=56 (full 3):
 PSYoungGen      total 23040K, used 441K [0x00000007eab00000, 0x00000007ec600000, 0x0000000800000000)
  eden space 22016K, 0% used [0x00000007eab00000,0x00000007eab00000,0x00000007ec080000)
  from space 1024K, 43% used [0x00000007ec400000,0x00000007ec46e5f8,0x00000007ec500000)
  to   space 512K, 0% used [0x00000007ec580000,0x00000007ec580000,0x00000007ec600000)
 ParOldGen       total 68608K, used 40200K [0x00000007c0000000, 0x00000007c4300000, 0x00000007eab00000)
  object space 68608K, 58% used [0x00000007c0000000,0x00000007c27423c8,0x00000007c4300000)
 Metaspace       used 71328K, committed 72448K, reserved 1114112K
  class space    used 8940K, committed 9408K, reserved 1048576K
}
Event: 44.471 GC heap before
{Heap before GC invocations=57 (full 3):
 PSYoungGen      total 23040K, used 22457K [0x00000007eab00000, 0x00000007ec600000, 0x0000000800000000)
  eden space 22016K, 100% used [0x00000007eab00000,0x00000007ec080000,0x00000007ec080000)
  from space 1024K, 43% used [0x00000007ec400000,0x00000007ec46e5f8,0x00000007ec500000)
  to   space 512K, 0% used [0x00000007ec580000,0x00000007ec580000,0x00000007ec600000)
 ParOldGen       total 68608K, used 40200K [0x00000007c0000000, 0x00000007c4300000, 0x00000007eab00000)
  object space 68608K, 58% used [0x00000007c0000000,0x00000007c27423c8,0x00000007c4300000)
 Metaspace       used 71329K, committed 72448K, reserved 1114112K
  class space    used 8940K, committed 9408K, reserved 1048576K
}
Event: 44.478 GC heap after
{Heap after GC invocations=57 (full 3):
 PSYoungGen      total 22528K, used 32K [0x00000007eab00000, 0x00000007ec600000, 0x0000000800000000)
  eden space 22016K, 0% used [0x00000007eab00000,0x00000007eab00000,0x00000007ec080000)
  from space 512K, 6% used [0x00000007ec580000,0x00000007ec588000,0x00000007ec600000)
  to   space 512K, 0% used [0x00000007ec500000,0x00000007ec500000,0x00000007ec580000)
 ParOldGen       total 68608K, used 40506K [0x00000007c0000000, 0x00000007c4300000, 0x00000007eab00000)
  object space 68608K, 59% used [0x00000007c0000000,0x00000007c278ea00,0x00000007c4300000)
 Metaspace       used 71329K, committed 72448K, reserved 1114112K
  class space    used 8940K, committed 9408K, reserved 1048576K
}
Event: 44.799 GC heap before
{Heap before GC invocations=58 (full 3):
 PSYoungGen      total 22528K, used 22048K [0x00000007eab00000, 0x00000007ec600000, 0x0000000800000000)
  eden space 22016K, 100% used [0x00000007eab00000,0x00000007ec080000,0x00000007ec080000)
  from space 512K, 6% used [0x00000007ec580000,0x00000007ec588000,0x00000007ec600000)
  to   space 512K, 0% used [0x00000007ec500000,0x00000007ec500000,0x00000007ec580000)
 ParOldGen       total 68608K, used 40506K [0x00000007c0000000, 0x00000007c4300000, 0x00000007eab00000)
  object space 68608K, 59% used [0x00000007c0000000,0x00000007c278ea00,0x00000007c4300000)
 Metaspace       used 71333K, committed 72448K, reserved 1114112K
  class space    used 8941K, committed 9408K, reserved 1048576K
}

Dll operation events (20 events):
Event: 3.779 Loaded shared library /Users/ap20/.vscode/extensions/redhat.java-1.34.2024080308-darwin-x64/jre/17.0.12-macosx-x86_64/lib/libnet.dylib
Event: 5.284 Loaded shared library /Users/ap20/Library/Application Support/Code/User/globalStorage/redhat.java/1.34.2024080308/config_mac/org.eclipse.equinox.launcher/org.eclipse.equinox.launcher.cocoa.macosx.x86_64_1.2.1100.v20240722-2106/eclipse_11904.so
Event: 8.168 Loaded shared library /Users/ap20/.vscode/extensions/redhat.java-1.34.2024080308-darwin-x64/jre/17.0.12-macosx-x86_64/lib/libmanagement.dylib
Event: 8.170 Loaded shared library /Users/ap20/.vscode/extensions/redhat.java-1.34.2024080308-darwin-x64/jre/17.0.12-macosx-x86_64/lib/libmanagement_ext.dylib
Event: 12.538 Loaded shared library /Users/ap20/.vscode/extensions/redhat.java-1.34.2024080308-darwin-x64/jre/17.0.12-macosx-x86_64/lib/libextnet.dylib
Event: 13.588 Loaded shared library /Users/ap20/.gradle/native/e1d6ef7f7dcc3fd88c89a11ec53ec762bb8ba0a96d01ffa2cd45eb1d1d8dd5c5/osx-amd64/libnative-platform.dylib
Event: 15.073 Loading shared library /Users/ap20/.vscode/extensions/redhat.java-1.34.2024080308-darwin-x64/jre/17.0.12-macosx-x86_64/lib/libunixfile_1_0_0.dylib failed, dlopen(/Users/ap20/.vscode/extensions/redhat.java-1.34.2024080308-darwin-x64/jre/17.0.12-macosx-x86_
Event: 15.073 Loading shared library /Users/ap20/.vscode/extensions/redhat.java-1.34.2024080308-darwin-x64/jre/17.0.12-macosx-x86_64/lib/libunixfile_1_0_0.jnilib failed, dlopen(/Users/ap20/.vscode/extensions/redhat.java-1.34.2024080308-darwin-x64/jre/17.0.12-macosx-x86
Event: 15.073 Loading shared library /Users/ap20/Library/Java/Extensions/libunixfile_1_0_0.dylib failed, dlopen(/Users/ap20/Library/Java/Extensions/libunixfile_1_0_0.dylib, 0x0001): tried: '/Users/ap20/Library/Java/Extensions/libunixfile_1_0_0.dylib' (no such file)
Event: 15.073 Loading shared library /Users/ap20/Library/Java/Extensions/libunixfile_1_0_0.jnilib failed, dlopen(/Users/ap20/Library/Java/Extensions/libunixfile_1_0_0.jnilib, 0x0001): tried: '/Users/ap20/Library/Java/Extensions/libunixfile_1_0_0.jnilib' (no such file)
Event: 15.074 Loading shared library /Library/Java/Extensions/libunixfile_1_0_0.dylib failed, dlopen(/Library/Java/Extensions/libunixfile_1_0_0.dylib, 0x0001): tried: '/Library/Java/Extensions/libunixfile_1_0_0.dylib' (no such file)
Event: 15.074 Loading shared library /Library/Java/Extensions/libunixfile_1_0_0.jnilib failed, dlopen(/Library/Java/Extensions/libunixfile_1_0_0.jnilib, 0x0001): tried: '/Library/Java/Extensions/libunixfile_1_0_0.jnilib' (no such file)
Event: 15.075 Loading shared library /Network/Library/Java/Extensions/libunixfile_1_0_0.dylib failed, dlopen(/Network/Library/Java/Extensions/libunixfile_1_0_0.dylib, 0x0001): tried: '/Network/Library/Java/Extensions/libunixfile_1_0_0.dylib' (no such file)
Event: 15.075 Loading shared library /Network/Library/Java/Extensions/libunixfile_1_0_0.jnilib failed, dlopen(/Network/Library/Java/Extensions/libunixfile_1_0_0.jnilib, 0x0001): tried: '/Network/Library/Java/Extensions/libunixfile_1_0_0.jnilib' (no such file)
Event: 15.076 Loading shared library /System/Library/Java/Extensions/libunixfile_1_0_0.dylib failed, dlopen(/System/Library/Java/Extensions/libunixfile_1_0_0.dylib, 0x0001): tried: '/System/Library/Java/Extensions/libunixfile_1_0_0.dylib' (no such file)
Event: 15.076 Loading shared library /System/Library/Java/Extensions/libunixfile_1_0_0.jnilib failed, dlopen(/System/Library/Java/Extensions/libunixfile_1_0_0.jnilib, 0x0001): tried: '/System/Library/Java/Extensions/libunixfile_1_0_0.jnilib' (no such file)
Event: 15.077 Loading shared library /usr/lib/java/libunixfile_1_0_0.dylib failed, dlopen(/usr/lib/java/libunixfile_1_0_0.dylib, 0x0001): tried: '/usr/lib/java/libunixfile_1_0_0.dylib' (no such file)
Event: 15.077 Loading shared library /usr/lib/java/libunixfile_1_0_0.jnilib failed, dlopen(/usr/lib/java/libunixfile_1_0_0.jnilib, 0x0001): tried: '/usr/lib/java/libunixfile_1_0_0.jnilib' (no such file)
Event: 15.077 Loading shared library /Users/ap20/Code Projects/portfolio_Fl/libunixfile_1_0_0.dylib failed, dlopen(/Users/ap20/Code Projects/portfolio_Fl/libunixfile_1_0_0.dylib, 0x0001): tried: '/Users/ap20/Code Projects/portfolio_Fl/libunixfile_1_0_0.dylib' (no such 
Event: 15.077 Loading shared library /Users/ap20/Code Projects/portfolio_Fl/libunixfile_1_0_0.jnilib failed, dlopen(/Users/ap20/Code Projects/portfolio_Fl/libunixfile_1_0_0.jnilib, 0x0001): tried: '/Users/ap20/Code Projects/portfolio_Fl/libunixfile_1_0_0.jnilib' (no su

Deoptimization events (20 events):
Event: 43.690 Thread 0x00007fd899b12c00 Uncommon trap: trap_request=0xffffff45 fr.pc=0x0000000122e343ec relative=0x000000000000022c
Event: 43.690 Thread 0x00007fd899b12c00 Uncommon trap: reason=unstable_if action=reinterpret pc=0x0000000122e343ec method=com.google.gson.stream.JsonReader.nextBoolean()Z @ 16 c2
Event: 43.690 Thread 0x00007fd899b12c00 DEOPT PACKING pc=0x0000000122e343ec sp=0x0000700003bb03b0
Event: 43.690 Thread 0x00007fd899b12c00 DEOPT UNPACKING pc=0x00000001228ea399 sp=0x0000700003bb02f8 mode 2
Event: 43.702 Thread 0x00007fd899b12c00 Uncommon trap: trap_request=0xffffff76 fr.pc=0x000000012311c654 relative=0x0000000000000594
Event: 43.702 Thread 0x00007fd899b12c00 Uncommon trap: reason=predicate action=maybe_recompile pc=0x000000012311c654 method=org.eclipse.core.internal.jobs.JobManager.select(Ljava/util/List;Ljava/lang/Object;Lorg/eclipse/core/internal/jobs/InternalJob;I)V @ 8 c2
Event: 43.702 Thread 0x00007fd899b12c00 DEOPT PACKING pc=0x000000012311c654 sp=0x0000700003bb0680
Event: 43.702 Thread 0x00007fd899b12c00 DEOPT UNPACKING pc=0x00000001228ea399 sp=0x0000700003bb0668 mode 2
Event: 43.703 Thread 0x00007fd89b814600 Uncommon trap: trap_request=0xffffff54 fr.pc=0x0000000123123398 relative=0x0000000000000438
Event: 43.703 Thread 0x00007fd89b814600 Uncommon trap: reason=speculate_null_assert action=make_not_entrant pc=0x0000000123123398 method=sun.nio.ch.KQueueSelectorImpl.processUpdateQueue()V @ 42 c2
Event: 43.703 Thread 0x00007fd89b814600 DEOPT PACKING pc=0x0000000123123398 sp=0x00007000044cace0
Event: 43.703 Thread 0x00007fd89b814600 DEOPT UNPACKING pc=0x00000001228ea399 sp=0x00007000044ca850 mode 2
Event: 43.716 Thread 0x00007fd89b814600 Uncommon trap: trap_request=0xffffff45 fr.pc=0x000000012312df30 relative=0x0000000000002150
Event: 43.716 Thread 0x00007fd89b814600 Uncommon trap: reason=unstable_if action=reinterpret pc=0x000000012312df30 method=org.gradle.internal.serialize.AbstractDecoder.getInputStream()Ljava/io/InputStream; @ 4 c2
Event: 43.716 Thread 0x00007fd89b814600 DEOPT PACKING pc=0x000000012312df30 sp=0x00007000044cacf0
Event: 43.716 Thread 0x00007fd89b814600 DEOPT UNPACKING pc=0x00000001228ea399 sp=0x00007000044caa28 mode 2
Event: 43.717 Thread 0x00007fd89b814600 Uncommon trap: trap_request=0xffffff45 fr.pc=0x0000000123187bc8 relative=0x0000000000005f28
Event: 43.717 Thread 0x00007fd89b814600 Uncommon trap: reason=unstable_if action=reinterpret pc=0x0000000123187bc8 method=org.gradle.tooling.internal.consumer.parameters.BuildProgressListenerAdapter.getParentDescriptor(Ljava/lang/Object;)Lorg/gradle/tooling/events/OperationDescriptor; @ 1 c2
Event: 43.717 Thread 0x00007fd89b814600 DEOPT PACKING pc=0x0000000123187bc8 sp=0x00007000044cacb0
Event: 43.717 Thread 0x00007fd89b814600 DEOPT UNPACKING pc=0x00000001228ea399 sp=0x00007000044ca958 mode 2

Classes loaded (20 events):
Event: 23.958 Loading class jdk/internal/event/DeserializationEvent
Event: 23.958 Loading class jdk/internal/event/DeserializationEvent done
Event: 23.961 Loading class java/io/ObjectInputStream$FieldValues
Event: 23.962 Loading class java/io/ObjectInputStream$GetField
Event: 23.962 Loading class java/io/ObjectInputStream$GetField done
Event: 23.962 Loading class java/io/ObjectInputStream$FieldValues done
Event: 37.310 Loading class java/time/Ser
Event: 37.310 Loading class java/time/Ser done
Event: 38.846 Loading class jdk/internal/misc/ScopedMemoryAccess$Scope$Handle
Event: 38.846 Loading class jdk/internal/misc/ScopedMemoryAccess$Scope$Handle done
Event: 43.546 Loading class java/util/HashMap$UnsafeHolder
Event: 43.546 Loading class java/util/HashMap$UnsafeHolder done
Event: 43.613 Loading class java/lang/Throwable$PrintStreamOrWriter
Event: 43.613 Loading class java/lang/Throwable$PrintStreamOrWriter done
Event: 43.643 Loading class sun/misc/SharedSecrets
Event: 43.643 Loading class sun/misc/SharedSecrets done
Event: 43.643 Loading class java/lang/Throwable$WrappedPrintWriter
Event: 43.644 Loading class java/lang/Throwable$WrappedPrintWriter done
Event: 43.702 Loading class java/security/DigestInputStream
Event: 43.702 Loading class java/security/DigestInputStream done

Classes unloaded (20 events):
Event: 8.118 Thread 0x00007fd8997065c0 Unloading class 0x0000000800249c00 'java/lang/invoke/LambdaForm$MH+0x0000000800249c00'
Event: 8.118 Thread 0x00007fd8997065c0 Unloading class 0x0000000800249800 'java/lang/invoke/LambdaForm$BMH+0x0000000800249800'
Event: 8.118 Thread 0x00007fd8997065c0 Unloading class 0x0000000800249400 'java/lang/invoke/LambdaForm$DMH+0x0000000800249400'
Event: 8.118 Thread 0x00007fd8997065c0 Unloading class 0x0000000800244800 'java/lang/invoke/LambdaForm$DMH+0x0000000800244800'
Event: 10.278 Thread 0x00007fd8997065c0 Unloading class 0x00000008003a8c00 'java/lang/invoke/LambdaForm$MH+0x00000008003a8c00'
Event: 10.278 Thread 0x00007fd8997065c0 Unloading class 0x00000008003a8000 'java/lang/invoke/LambdaForm$MH+0x00000008003a8000'
Event: 10.278 Thread 0x00007fd8997065c0 Unloading class 0x00000008003a7400 'java/lang/invoke/LambdaForm$MH+0x00000008003a7400'
Event: 10.278 Thread 0x00007fd8997065c0 Unloading class 0x00000008003a7000 'java/lang/invoke/LambdaForm$DMH+0x00000008003a7000'
Event: 10.278 Thread 0x00007fd8997065c0 Unloading class 0x00000008003a6800 'java/lang/invoke/LambdaForm$MH+0x00000008003a6800'
Event: 10.278 Thread 0x00007fd8997065c0 Unloading class 0x00000008003a5c00 'java/lang/invoke/LambdaForm$MH+0x00000008003a5c00'
Event: 10.278 Thread 0x00007fd8997065c0 Unloading class 0x00000008003a1c00 'java/lang/invoke/LambdaForm$MH+0x00000008003a1c00'
Event: 10.278 Thread 0x00007fd8997065c0 Unloading class 0x00000008003a1000 'java/lang/invoke/LambdaForm$MH+0x00000008003a1000'
Event: 10.278 Thread 0x00007fd8997065c0 Unloading class 0x00000008003a0800 'java/lang/invoke/LambdaForm$MH+0x00000008003a0800'
Event: 10.278 Thread 0x00007fd8997065c0 Unloading class 0x00000008003a0400 'java/lang/invoke/LambdaForm$MH+0x00000008003a0400'
Event: 10.278 Thread 0x00007fd8997065c0 Unloading class 0x000000080039f800 'java/lang/invoke/LambdaForm$MH+0x000000080039f800'
Event: 10.278 Thread 0x00007fd8997065c0 Unloading class 0x000000080039f000 'java/lang/invoke/LambdaForm$MH+0x000000080039f000'
Event: 10.278 Thread 0x00007fd8997065c0 Unloading class 0x000000080039ec00 'java/lang/invoke/LambdaForm$MH+0x000000080039ec00'
Event: 10.278 Thread 0x00007fd8997065c0 Unloading class 0x000000080039e400 'java/lang/invoke/LambdaForm$DMH+0x000000080039e400'
Event: 10.278 Thread 0x00007fd8997065c0 Unloading class 0x000000080039dc00 'java/lang/invoke/LambdaForm$MH+0x000000080039dc00'
Event: 10.278 Thread 0x00007fd8997065c0 Unloading class 0x000000080039d400 'java/lang/invoke/LambdaForm$DMH+0x000000080039d400'

Classes redefined (0 events):
No events

Internal exceptions (20 events):
Event: 39.748 Thread 0x00007fd89ab49a00 Exception <a 'java/lang/NoSuchMethodError'{0x00000007ebdf3cd0}: static Lorg/gradle/tooling/internal/provider/serialization/SerializedPayload;.<clinit>()V> (0x00000007ebdf3cd0) 
thrown [src/hotspot/share/prims/jni.cpp, line 1112]
Event: 39.955 Thread 0x00007fd89ab49a00 Exception <a 'java/lang/NoSuchMethodError'{0x00000007ebea1b08}: static Lorg/gradle/internal/build/event/types/DefaultTaskStartedProgressEvent;.<clinit>()V> (0x00000007ebea1b08) 
thrown [src/hotspot/share/prims/jni.cpp, line 1112]
Event: 39.960 Thread 0x00007fd89ab49a00 Exception <a 'java/lang/NoSuchMethodError'{0x00000007ebebac38}: static Lorg/gradle/internal/build/event/types/DefaultTaskDescriptor;.<clinit>()V> (0x00000007ebebac38) 
thrown [src/hotspot/share/prims/jni.cpp, line 1112]
Event: 39.966 Thread 0x00007fd89ab49a00 Exception <a 'java/lang/NoSuchMethodError'{0x00000007ebef7a50}: static Lorg/gradle/internal/build/event/types/DefaultTaskFinishedProgressEvent;.<clinit>()V> (0x00000007ebef7a50) 
thrown [src/hotspot/share/prims/jni.cpp, line 1112]
Event: 39.968 Thread 0x00007fd89ab49a00 Exception <a 'java/lang/NoSuchMethodError'{0x00000007ebf119e8}: static Lorg/gradle/internal/build/event/types/AbstractTaskResult;.<clinit>()V> (0x00000007ebf119e8) 
thrown [src/hotspot/share/prims/jni.cpp, line 1112]
Event: 39.969 Thread 0x00007fd89ab49a00 Exception <a 'java/lang/NoSuchMethodError'{0x00000007ebf207c0}: static Lorg/gradle/internal/build/event/types/DefaultTaskSuccessResult;.<clinit>()V> (0x00000007ebf207c0) 
thrown [src/hotspot/share/prims/jni.cpp, line 1112]
Event: 43.286 Thread 0x00007fd89ab49a00 Exception <a 'java/lang/NoSuchMethodError'{0x00000007ebc83aa0}: static Lorg/gradle/internal/build/event/types/DefaultFailureResult;.<clinit>()V> (0x00000007ebc83aa0) 
thrown [src/hotspot/share/prims/jni.cpp, line 1112]
Event: 43.288 Thread 0x00007fd89ab49a00 Exception <a 'java/lang/NoSuchMethodError'{0x00000007ebcab0b8}: static Lorg/gradle/internal/build/event/types/DefaultFailure;.<clinit>()V> (0x00000007ebcab0b8) 
thrown [src/hotspot/share/prims/jni.cpp, line 1112]
Event: 43.547 Thread 0x00007fd89ab49a00 Exception <a 'java/lang/NoSuchMethodError'{0x00000007ebd5b1c0}: static Lorg/gradle/internal/classloader/ClassLoaderSpec;.<clinit>()V> (0x00000007ebd5b1c0) 
thrown [src/hotspot/share/prims/jni.cpp, line 1112]
Event: 43.548 Thread 0x00007fd89ab49a00 Exception <a 'java/lang/NoSuchMethodError'{0x00000007ebd6b8e8}: static Lorg/gradle/internal/classloader/VisitableURLClassLoader$Spec;.<clinit>()V> (0x00000007ebd6b8e8) 
thrown [src/hotspot/share/prims/jni.cpp, line 1112]
Event: 43.567 Thread 0x00007fd89ab49a00 Exception <a 'java/lang/NoSuchMethodError'{0x00000007ebe661b8}: static [B.<clinit>()V> (0x00000007ebe661b8) 
thrown [src/hotspot/share/prims/jni.cpp, line 1112]
Event: 43.615 Thread 0x00007fd89ab49a00 Exception <a 'java/lang/NoSuchMethodError'{0x00000007ec0727c0}: static Lorg/gradle/api/GradleException;.<clinit>()V> (0x00000007ec0727c0) 
thrown [src/hotspot/share/prims/jni.cpp, line 1112]
Event: 43.615 Thread 0x00007fd89ab49a00 Exception <a 'java/lang/NoSuchMethodError'{0x00000007ec0739b8}: static Lorg/gradle/process/internal/ExecException;.<clinit>()V> (0x00000007ec0739b8) 
thrown [src/hotspot/share/prims/jni.cpp, line 1112]
Event: 43.615 Thread 0x00007fd89ab49a00 Exception <a 'java/lang/NoSuchMethodError'{0x00000007ec07bd08}: static [Ljava/lang/StackTraceElement;.<clinit>()V> (0x00000007ec07bd08) 
thrown [src/hotspot/share/prims/jni.cpp, line 1112]
Event: 43.625 Thread 0x00007fd89ab49a00 Exception <a 'java/lang/NoSuchMethodError'{0x00000007eab3c020}: static Lorg/gradle/api/internal/tasks/DefaultTaskContainer$TaskCreationException;.<clinit>()V> (0x00000007eab3c020) 
thrown [src/hotspot/share/prims/jni.cpp, line 1112]
Event: 43.628 Thread 0x00007fd89ab49a00 Exception <a 'java/lang/NoSuchMethodError'{0x00000007eab78c40}: static Lorg/gradle/tooling/internal/protocol/InternalBuildActionFailureException;.<clinit>()V> (0x00000007eab78c40) 
thrown [src/hotspot/share/prims/jni.cpp, line 1112]
Event: 43.643 Thread 0x00007fd8988ce800 Exception <a 'java/lang/ClassNotFoundException'{0x00000007eac67550}: sun/misc/SharedSecrets> (0x00000007eac67550) 
thrown [src/hotspot/share/classfile/systemDictionary.cpp, line 256]
Event: 43.645 Thread 0x00007fd8988ce800 Exception <a 'java/lang/NoSuchMethodError'{0x00000007eacc0988}: 'void java.lang.invoke.DirectMethodHandle$Holder.invokeStatic(java.lang.Object, int, java.lang.Object)'> (0x00000007eacc0988) 
thrown [src/hotspot/share/interpreter/linkResolver.cpp, line 759]
Event: 43.646 Thread 0x00007fd8988ce800 Exception <a 'java/lang/NoSuchMethodError'{0x00000007eaccf0d8}: 'void java.lang.invoke.DirectMethodHandle$Holder.invokeSpecialIFC(java.lang.Object, java.lang.Object, java.lang.Object, java.lang.Object)'> (0x00000007eaccf0d8) 
thrown [src/hotspot/share/interpreter/linkResolver.cpp, line 759]
Event: 43.717 Thread 0x00007fd89b814600 Implicit null exception at 0x00000001231821ae to 0x0000000123187b80

VM Operations (20 events):
Event: 42.041 Executing VM operation: ParallelGCFailedAllocation done
Event: 42.279 Executing VM operation: ParallelGCFailedAllocation
Event: 42.281 Executing VM operation: ParallelGCFailedAllocation done
Event: 42.532 Executing VM operation: ParallelGCFailedAllocation
Event: 42.548 Executing VM operation: ParallelGCFailedAllocation done
Event: 42.788 Executing VM operation: ParallelGCFailedAllocation
Event: 42.790 Executing VM operation: ParallelGCFailedAllocation done
Event: 43.040 Executing VM operation: ParallelGCFailedAllocation
Event: 43.041 Executing VM operation: ParallelGCFailedAllocation done
Event: 43.563 Executing VM operation: HandshakeAllThreads
Event: 43.563 Executing VM operation: HandshakeAllThreads done
Event: 43.616 Executing VM operation: ParallelGCFailedAllocation
Event: 43.618 Executing VM operation: ParallelGCFailedAllocation done
Event: 43.631 Executing VM operation: HandshakeAllThreads
Event: 43.631 Executing VM operation: HandshakeAllThreads done
Event: 44.195 Executing VM operation: ParallelGCFailedAllocation
Event: 44.198 Executing VM operation: ParallelGCFailedAllocation done
Event: 44.471 Executing VM operation: ParallelGCFailedAllocation
Event: 44.478 Executing VM operation: ParallelGCFailedAllocation done
Event: 44.799 Executing VM operation: ParallelGCFailedAllocation

Events (20 events):
Event: 43.630 Protecting memory [0x00007000042c9000,0x00007000042cd000] with protection modes 3
Event: 43.630 Thread 0x00007fd89ab49a00 Thread exited: 0x00007fd89ab49a00
Event: 43.661 Thread 0x00007fd89c902c00 Thread added: 0x00007fd89c902c00
Event: 43.661 Protecting memory [0x0000700003dba000,0x0000700003dbe000] with protection modes 0
Event: 43.662 Thread 0x00007fd89ab49a00 Thread added: 0x00007fd89ab49a00
Event: 43.662 Protecting memory [0x00007000042c9000,0x00007000042cd000] with protection modes 0
Event: 43.671 Protecting memory [0x00007000042c9000,0x00007000042cd000] with protection modes 3
Event: 43.671 Thread 0x00007fd89ab49a00 Thread exited: 0x00007fd89ab49a00
Event: 43.688 Thread 0x00007fd89c829c00 Thread added: 0x00007fd89c829c00
Event: 43.688 Protecting memory [0x00007000042c9000,0x00007000042cd000] with protection modes 0
Event: 43.690 Thread 0x00007fd89b814600 Thread added: 0x00007fd89b814600
Event: 43.690 Protecting memory [0x00007000043cc000,0x00007000043d0000] with protection modes 0
Event: 43.700 Thread 0x00007fd89d243600 Thread added: 0x00007fd89d243600
Event: 43.700 Protecting memory [0x00007000044cf000,0x00007000044d3000] with protection modes 0
Event: 43.711 Thread 0x00007fd89d310000 Thread added: 0x00007fd89d310000
Event: 43.711 Protecting memory [0x00007000045d2000,0x00007000045d6000] with protection modes 0
Event: 43.712 Protecting memory [0x00007000045d2000,0x00007000045d6000] with protection modes 3
Event: 43.712 Thread 0x00007fd89d310000 Thread exited: 0x00007fd89d310000
Event: 43.712 Thread 0x00007fd89b011000 Thread added: 0x00007fd89b011000
Event: 43.712 Protecting memory [0x00007000046d5000,0x00007000046d9000] with protection modes 0


Dynamic libraries:
0x000000010fb61000 	/Users/ap20/.vscode/extensions/redhat.java-1.34.2024080308-darwin-x64/jre/17.0.12-macosx-x86_64/lib/libjli.dylib
0x00007ff8182cb000 	/System/Library/Frameworks/Cocoa.framework/Versions/A/Cocoa
0x00007ff803f1f000 	/System/Library/Frameworks/AppKit.framework/Versions/C/AppKit
0x00007ff807436000 	/System/Library/Frameworks/CoreData.framework/Versions/A/CoreData
0x00007ff802322000 	/System/Library/Frameworks/Foundation.framework/Versions/C/Foundation
0x00007ff80c259000 	/usr/lib/libSystem.B.dylib
0x00007ff804daf000 	/System/Library/PrivateFrameworks/UIFoundation.framework/Versions/A/UIFoundation
0x00007ff8121cc000 	/System/Library/PrivateFrameworks/RemoteViewServices.framework/Versions/A/RemoteViewServices
0x00007ff80a4ad000 	/System/Library/PrivateFrameworks/XCTTargetBootstrap.framework/Versions/A/XCTTargetBootstrap
0x00007ff80e062000 	/System/Library/PrivateFrameworks/InternationalSupport.framework/Versions/A/InternationalSupport
0x00007ff80e0ec000 	/System/Library/PrivateFrameworks/UserActivity.framework/Versions/A/UserActivity
0x00007ff80d440000 	/usr/lib/libspindump.dylib
0x00007ff80503e000 	/System/Library/Frameworks/UniformTypeIdentifiers.framework/Versions/A/UniformTypeIdentifiers
0x00007ff808bd1000 	/usr/lib/libapp_launch_measurement.dylib
0x00007ff807e08000 	/System/Library/PrivateFrameworks/CoreAnalytics.framework/Versions/A/CoreAnalytics
0x00007ff808bd4000 	/System/Library/PrivateFrameworks/CoreAutoLayout.framework/Versions/A/CoreAutoLayout
0x00007ff809e04000 	/System/Library/Frameworks/Metal.framework/Versions/A/Metal
0x00007ff80ab33000 	/usr/lib/liblangid.dylib
0x00007ff80a4b2000 	/System/Library/PrivateFrameworks/CoreSVG.framework/Versions/A/CoreSVG
0x00007ff80642a000 	/System/Library/PrivateFrameworks/SkyLight.framework/Versions/A/SkyLight
0x00007ff8067c9000 	/System/Library/Frameworks/CoreGraphics.framework/Versions/A/CoreGraphics
0x00007ff81288c000 	/System/Library/Frameworks/Accelerate.framework/Versions/A/Accelerate
0x00007ff80cebf000 	/System/Library/PrivateFrameworks/IconServices.framework/Versions/A/IconServices
0x00007ff809de9000 	/System/Library/Frameworks/IOSurface.framework/Versions/A/IOSurface
0x00007ff807e36000 	/usr/lib/libDiagnosticMessagesClient.dylib
0x00007ff80c179000 	/usr/lib/libz.1.dylib
0x00007ff815f6f000 	/System/Library/Frameworks/ApplicationServices.framework/Versions/A/ApplicationServices
0x00007ff80a499000 	/System/Library/PrivateFrameworks/DFRFoundation.framework/Versions/A/DFRFoundation
0x00007ff803807000 	/usr/lib/libicucore.A.dylib
0x00007ff80ee58000 	/System/Library/Frameworks/AudioToolbox.framework/Versions/A/AudioToolbox
0x00007ff80e06e000 	/System/Library/PrivateFrameworks/DataDetectorsCore.framework/Versions/A/DataDetectorsCore
0x00007ff90a56d000 	/System/Library/PrivateFrameworks/TextInput.framework/Versions/A/TextInput
0x00007ff8063ad000 	/usr/lib/libMobileGestalt.dylib
0x00007ff80a1a5000 	/System/Library/Frameworks/Carbon.framework/Versions/A/Frameworks/HIToolbox.framework/Versions/A/HIToolbox
0x00007ff8085d3000 	/System/Library/Frameworks/QuartzCore.framework/Versions/A/QuartzCore
0x00007ff8034ac000 	/System/Library/Frameworks/Security.framework/Versions/A/Security
0x00007ff812204000 	/System/Library/Frameworks/Carbon.framework/Versions/A/Frameworks/SpeechRecognition.framework/Versions/A/SpeechRecognition
0x00007ff808931000 	/System/Library/PrivateFrameworks/CoreUI.framework/Versions/A/CoreUI
0x00007ff802d76000 	/System/Library/Frameworks/CoreAudio.framework/Versions/A/CoreAudio
0x00007ff807f25000 	/System/Library/Frameworks/DiskArbitration.framework/Versions/A/DiskArbitration
0x00007ff80d82e000 	/System/Library/PrivateFrameworks/MultitouchSupport.framework/Versions/A/MultitouchSupport
0x00007ff8063ac000 	/usr/lib/libenergytrace.dylib
0x00007ff803e0b000 	/System/Library/Frameworks/IOKit.framework/Versions/A/IOKit
0x00007ff8125f4000 	/System/Library/Frameworks/CoreServices.framework/Versions/A/CoreServices
0x00007ff808b6b000 	/System/Library/PrivateFrameworks/PerformanceAnalysis.framework/Versions/A/PerformanceAnalysis
0x00007ffa1a24a000 	/System/Library/Frameworks/OpenGL.framework/Versions/A/OpenGL
0x00007ff80b795000 	/System/Library/PrivateFrameworks/MobileKeyBag.framework/Versions/A/MobileKeyBag
0x00007ff8012ec000 	/usr/lib/libobjc.A.dylib
0x00007ff806e95000 	/System/Library/Frameworks/ColorSync.framework/Versions/A/ColorSync
0x00007ff8014a6000 	/System/Library/Frameworks/CoreFoundation.framework/Versions/A/CoreFoundation
0x00007ff80a729000 	/System/Library/Frameworks/CoreImage.framework/Versions/A/CoreImage
0x00007ff802b8a000 	/System/Library/Frameworks/CoreText.framework/Versions/A/CoreText
0x00007ff80a4e2000 	/System/Library/Frameworks/ImageIO.framework/Versions/A/ImageIO
0x00007ff80c25f000 	/System/Library/PrivateFrameworks/SoftLinking.framework/Versions/A/SoftLinking
0x00007ff808c1c000 	/usr/lib/libxml2.2.dylib
0x00007ff8013b2000 	/usr/lib/libc++.1.dylib
0x00007ff80c4e3000 	/usr/lib/libcompression.dylib
0x00007ff80df95000 	/System/Library/PrivateFrameworks/TextureIO.framework/Versions/A/TextureIO
0x00007ff80cbd1000 	/usr/lib/libate.dylib
0x00007ff80c254000 	/usr/lib/system/libcache.dylib
0x00007ff80c210000 	/usr/lib/system/libcommonCrypto.dylib
0x00007ff80c239000 	/usr/lib/system/libcompiler_rt.dylib
0x00007ff80c22f000 	/usr/lib/system/libcopyfile.dylib
0x00007ff8011e7000 	/usr/lib/system/libcorecrypto.dylib
0x00007ff8012a5000 	/usr/lib/system/libdispatch.dylib
0x00007ff801465000 	/usr/lib/system/libdyld.dylib
0x00007ff80c24b000 	/usr/lib/system/libkeymgr.dylib
0x00007ff80c1ee000 	/usr/lib/system/libmacho.dylib
0x00007ff80b86f000 	/usr/lib/system/libquarantine.dylib
0x00007ff80c249000 	/usr/lib/system/libremovefile.dylib
0x00007ff8063fa000 	/usr/lib/system/libsystem_asl.dylib
0x00007ff801190000 	/usr/lib/system/libsystem_blocks.dylib
0x00007ff801329000 	/usr/lib/system/libsystem_c.dylib
0x00007ff80c241000 	/usr/lib/system/libsystem_collections.dylib
0x00007ff80ab23000 	/usr/lib/system/libsystem_configuration.dylib
0x00007ff809dcc000 	/usr/lib/system/libsystem_containermanager.dylib
0x00007ff80bf26000 	/usr/lib/system/libsystem_coreservices.dylib
0x00007ff803a9b000 	/usr/lib/system/libsystem_darwin.dylib
0x00007ff80c24c000 	/usr/lib/system/libsystem_dnssd.dylib
0x00007ff801326000 	/usr/lib/system/libsystem_featureflags.dylib
0x00007ff80147b000 	/usr/lib/system/libsystem_info.dylib
0x00007ff80c18c000 	/usr/lib/system/libsystem_m.dylib
0x00007ff801279000 	/usr/lib/system/libsystem_malloc.dylib
0x00007ff806395000 	/usr/lib/system/libsystem_networkextension.dylib
0x00007ff803ec1000 	/usr/lib/system/libsystem_notify.dylib
0x00007ff8124c9000 	/usr/lib/system/libsystem_product_info_filter.dylib
0x00007ff80ab27000 	/usr/lib/system/libsystem_sandbox.dylib
0x00007ff80c246000 	/usr/lib/system/libsystem_secinit.dylib
0x00007ff801421000 	/usr/lib/system/libsystem_kernel.dylib
0x00007ff801471000 	/usr/lib/system/libsystem_platform.dylib
0x00007ff801459000 	/usr/lib/system/libsystem_pthread.dylib
0x00007ff807c48000 	/usr/lib/system/libsystem_symptoms.dylib
0x00007ff8011ce000 	/usr/lib/system/libsystem_trace.dylib
0x00007ff80c21c000 	/usr/lib/system/libunwind.dylib
0x00007ff801192000 	/usr/lib/system/libxpc.dylib
0x00007ff80140b000 	/usr/lib/libc++abi.dylib
0x00007ff80c227000 	/usr/lib/liboah.dylib
0x00007ff80c9ad000 	/usr/lib/liblzma.5.dylib
0x00007ff802034000 	/System/Library/Frameworks/SystemConfiguration.framework/Versions/A/SystemConfiguration
0x00007ff80c25b000 	/usr/lib/libfakelink.dylib
0x00007ff805f05000 	/System/Library/Frameworks/CFNetwork.framework/Versions/A/CFNetwork
0x00007ff80c39c000 	/usr/lib/libarchive.2.dylib
0x00007ff80ab2f000 	/System/Library/PrivateFrameworks/AppleSystemInfo.framework/Versions/A/AppleSystemInfo
0x00007ff80b896000 	/usr/lib/libbsm.0.dylib
0x00007ff805514000 	/usr/lib/libnetwork.dylib
0x00007ff80c1f4000 	/usr/lib/system/libkxld.dylib
0x00007ff80b4c9000 	/System/Library/PrivateFrameworks/IOMobileFramebuffer.framework/Versions/A/IOMobileFramebuffer
0x00007ffb19c1f000 	/usr/lib/libCoreEntitlements.dylib
0x00007ff80bf08000 	/System/Library/PrivateFrameworks/AppleFSCompression.framework/Versions/A/AppleFSCompression
0x00007ff80b87e000 	/usr/lib/libcoretls.dylib
0x00007ff80c9c7000 	/usr/lib/libcoretls_cfhelpers.dylib
0x00007ff80c4de000 	/usr/lib/libpam.2.dylib
0x00007ff807867000 	/usr/lib/libsqlite3.dylib
0x00007ff80ca36000 	/usr/lib/libxar.1.dylib
0x00007ff80bf18000 	/usr/lib/libbz2.1.0.dylib
0x00007ff80c260000 	/usr/lib/libpcap.A.dylib
0x00007ff807c40000 	/usr/lib/libdns_services.dylib
0x00007ff80c4ae000 	/usr/lib/libapple_nghttp2.dylib
0x00007ff80c29a000 	/usr/lib/libiconv.2.dylib
0x00007ff80c1ed000 	/usr/lib/libcharset.1.dylib
0x00007ff808b9f000 	/System/Library/Frameworks/CoreServices.framework/Versions/A/Frameworks/FSEvents.framework/Versions/A/FSEvents
0x00007ff803aa5000 	/System/Library/Frameworks/CoreServices.framework/Versions/A/Frameworks/CarbonCore.framework/Versions/A/CarbonCore
0x00007ff807e89000 	/System/Library/Frameworks/CoreServices.framework/Versions/A/Frameworks/Metadata.framework/Versions/A/Metadata
0x00007ff80bf2b000 	/System/Library/Frameworks/CoreServices.framework/Versions/A/Frameworks/OSServices.framework/Versions/A/OSServices
0x00007ff80c423000 	/System/Library/Frameworks/CoreServices.framework/Versions/A/Frameworks/SearchKit.framework/Versions/A/SearchKit
0x00007ff807bd2000 	/System/Library/Frameworks/CoreServices.framework/Versions/A/Frameworks/AE.framework/Versions/A/AE
0x00007ff8019a9000 	/System/Library/Frameworks/CoreServices.framework/Versions/A/Frameworks/LaunchServices.framework/Versions/A/LaunchServices
0x00007ff80c95e000 	/System/Library/Frameworks/CoreServices.framework/Versions/A/Frameworks/DictionaryServices.framework/Versions/A/DictionaryServices
0x00007ff808bac000 	/System/Library/Frameworks/CoreServices.framework/Versions/A/Frameworks/SharedFileList.framework/Versions/A/SharedFileList
0x00007ff80b872000 	/usr/lib/libCheckFix.dylib
0x00007ff806411000 	/System/Library/PrivateFrameworks/TCC.framework/Versions/A/TCC
0x00007ff80ab35000 	/System/Library/PrivateFrameworks/CoreNLP.framework/Versions/A/CoreNLP
0x00007ff807e39000 	/System/Library/PrivateFrameworks/MetadataUtilities.framework/Versions/A/MetadataUtilities
0x00007ff8020e5000 	/usr/lib/libmecabra.dylib
0x00007ff80b8a6000 	/usr/lib/libmecab.dylib
0x00007ff8020b0000 	/usr/lib/libCRFSuite.dylib
0x00007ff80b900000 	/usr/lib/libgermantok.dylib
0x00007ff80c489000 	/usr/lib/libThaiTokenizer.dylib
0x00007ff807f2c000 	/System/Library/Frameworks/Accelerate.framework/Versions/A/Frameworks/vImage.framework/Versions/A/vImage
0x00007ff8125cb000 	/System/Library/Frameworks/Accelerate.framework/Versions/A/Frameworks/vecLib.framework/Versions/A/vecLib
0x00007ff80ca77000 	/System/Library/Frameworks/Accelerate.framework/Versions/A/Frameworks/vecLib.framework/Versions/A/libvMisc.dylib
0x00007ff80b2f4000 	/System/Library/Frameworks/Accelerate.framework/Versions/A/Frameworks/vecLib.framework/Versions/A/libvDSP.dylib
0x00007ff801d24000 	/System/Library/Frameworks/Accelerate.framework/Versions/A/Frameworks/vecLib.framework/Versions/A/libBLAS.dylib
0x00007ff80c5c0000 	/System/Library/Frameworks/Accelerate.framework/Versions/A/Frameworks/vecLib.framework/Versions/A/libLAPACK.dylib
0x00007ff80b903000 	/System/Library/Frameworks/Accelerate.framework/Versions/A/Frameworks/vecLib.framework/Versions/A/libLinearAlgebra.dylib
0x00007ff80c4c6000 	/System/Library/Frameworks/Accelerate.framework/Versions/A/Frameworks/vecLib.framework/Versions/A/libSparseBLAS.dylib
0x00007ff80c5ba000 	/System/Library/Frameworks/Accelerate.framework/Versions/A/Frameworks/vecLib.framework/Versions/A/libQuadrature.dylib
0x00007ff80ac20000 	/System/Library/Frameworks/Accelerate.framework/Versions/A/Frameworks/vecLib.framework/Versions/A/libBNNS.dylib
0x00007ff801fbe000 	/System/Library/Frameworks/Accelerate.framework/Versions/A/Frameworks/vecLib.framework/Versions/A/libSparse.dylib
0x00007ff80ac19000 	/System/Library/PrivateFrameworks/LinguisticData.framework/Versions/A/LinguisticData
0x00007ff801f74000 	/System/Library/PrivateFrameworks/Lexicon.framework/Versions/A/Lexicon
0x00007ff80ca70000 	/usr/lib/libChineseTokenizer.dylib
0x00007ff8026df000 	/System/Library/PrivateFrameworks/LanguageModeling.framework/Versions/A/LanguageModeling
0x00007ff80c48b000 	/System/Library/PrivateFrameworks/AppleSauce.framework/Versions/A/AppleSauce
0x00007ff80b4b7000 	/System/Library/PrivateFrameworks/CoreEmoji.framework/Versions/A/CoreEmoji
0x00007ff80c38b000 	/usr/lib/libcmph.dylib
0x00007ff808b83000 	/System/Library/Frameworks/OpenDirectory.framework/Versions/A/Frameworks/CFOpenDirectory.framework/Versions/A/CFOpenDirectory
0x00007ff808b77000 	/System/Library/Frameworks/OpenDirectory.framework/Versions/A/OpenDirectory
0x00007ff80c9c9000 	/System/Library/PrivateFrameworks/APFS.framework/Versions/A/APFS
0x00007ff80b7cd000 	/System/Library/Frameworks/SecurityFoundation.framework/Versions/A/SecurityFoundation
0x00007ff80ca44000 	/usr/lib/libutil.dylib
0x00007ff803dcf000 	/System/Library/PrivateFrameworks/CoreServicesStore.framework/Versions/A/CoreServicesStore
0x00007ff80ca48000 	/usr/lib/libxslt.1.dylib
0x00007ff80b85a000 	/System/Library/PrivateFrameworks/BackgroundTaskManagement.framework/Versions/A/BackgroundTaskManagement
0x00007ff80deb5000 	/System/Library/Frameworks/ImageIO.framework/Versions/A/Resources/libRadiance.dylib
0x00007ff80debe000 	/System/Library/Frameworks/ImageIO.framework/Versions/A/Resources/libJPEG.dylib
0x00007ff80de0d000 	/System/Library/Frameworks/ImageIO.framework/Versions/A/Resources/libPng.dylib
0x00007ff80de2e000 	/System/Library/Frameworks/ImageIO.framework/Versions/A/Resources/libTIFF.dylib
0x00007ff80df1e000 	/System/Library/Frameworks/ImageIO.framework/Versions/A/Resources/libGIF.dylib
0x00007ff80d748000 	/System/Library/Frameworks/ImageIO.framework/Versions/A/Resources/libJP2.dylib
0x00007ff80ce86000 	/usr/lib/libexpat.1.dylib
0x00007ff80d6fd000 	/System/Library/PrivateFrameworks/AppleJPEG.framework/Versions/A/AppleJPEG
0x00007ff80a069000 	/System/Library/PrivateFrameworks/FontServices.framework/libFontParser.dylib
0x00007ff807b7c000 	/System/Library/PrivateFrameworks/RunningBoardServices.framework/Versions/A/RunningBoardServices
0x00007ff818886000 	/System/Library/PrivateFrameworks/IOSurfaceAccelerator.framework/Versions/A/IOSurfaceAccelerator
0x00007ff80d82a000 	/System/Library/PrivateFrameworks/WatchdogClient.framework/Versions/A/WatchdogClient
0x00007ff8027cd000 	/System/Library/Frameworks/CoreDisplay.framework/Versions/A/CoreDisplay
0x00007ff809f67000 	/System/Library/Frameworks/CoreMedia.framework/Versions/A/CoreMedia
0x00007ff809dfb000 	/System/Library/PrivateFrameworks/IOAccelerator.framework/Versions/A/IOAccelerator
0x00007ff808d00000 	/System/Library/Frameworks/CoreVideo.framework/Versions/A/CoreVideo
0x00007ff80c4dc000 	/System/Library/Frameworks/MetalPerformanceShaders.framework/Versions/A/MetalPerformanceShaders
0x00007ff80d867000 	/System/Library/Frameworks/VideoToolbox.framework/Versions/A/VideoToolbox
0x00007ff807ac6000 	/System/Library/PrivateFrameworks/BaseBoard.framework/Versions/A/BaseBoard
0x00007ff80784d000 	/System/Library/PrivateFrameworks/ProtocolBuffer.framework/Versions/A/ProtocolBuffer
0x00007ff80deae000 	/System/Library/PrivateFrameworks/GPUWrangler.framework/Versions/A/GPUWrangler
0x00007ff80de92000 	/System/Library/PrivateFrameworks/IOPresentment.framework/Versions/A/IOPresentment
0x00007ff80deb8000 	/System/Library/PrivateFrameworks/DSExternalDisplay.framework/Versions/A/DSExternalDisplay
0x00007ffa1a23e000 	/System/Library/Frameworks/OpenGL.framework/Versions/A/Libraries/libCoreFSCache.dylib
0x00007ffb07316000 	/System/Library/PrivateFrameworks/GPUCompiler.framework/Versions/31001/Libraries/libGPUCompilerUtils.dylib
0x00007ff80df23000 	/System/Library/PrivateFrameworks/CMCaptureCore.framework/Versions/A/CMCaptureCore
0x00007ff80d42e000 	/System/Library/PrivateFrameworks/AppServerSupport.framework/Versions/A/AppServerSupport
0x00007ff80f6f1000 	/System/Library/PrivateFrameworks/perfdata.framework/Versions/A/perfdata
0x00007ff8028f9000 	/System/Library/PrivateFrameworks/AudioToolboxCore.framework/Versions/A/AudioToolboxCore
0x00007ff809f45000 	/System/Library/PrivateFrameworks/caulk.framework/Versions/A/caulk
0x00007ff80f003000 	/usr/lib/libAudioStatistics.dylib
0x00007ff906cfb000 	/System/Library/PrivateFrameworks/SystemPolicy.framework/Versions/A/SystemPolicy
0x00007ff80f25e000 	/usr/lib/libSMC.dylib
0x00007ff81817e000 	/System/Library/Frameworks/CoreMIDI.framework/Versions/A/CoreMIDI
0x00007ff80dddc000 	/usr/lib/libAudioToolboxUtility.dylib
0x00007ff902f23000 	/System/Library/PrivateFrameworks/OSAServicesClient.framework/Versions/A/OSAServicesClient
0x00007ff80f6fe000 	/usr/lib/libperfcheck.dylib
0x00007ff9077a8000 	/usr/lib/libmis.dylib
0x00007ffa1a299000 	/System/Library/Frameworks/OpenGL.framework/Versions/A/Libraries/libGLU.dylib
0x00007ffa1a25d000 	/System/Library/Frameworks/OpenGL.framework/Versions/A/Libraries/libGFXShared.dylib
0x00007ffa1a466000 	/System/Library/Frameworks/OpenGL.framework/Versions/A/Libraries/libGL.dylib
0x00007ffa1a266000 	/System/Library/Frameworks/OpenGL.framework/Versions/A/Libraries/libGLImage.dylib
0x00007ffa1a25a000 	/System/Library/Frameworks/OpenGL.framework/Versions/A/Libraries/libCVMSPluginSupport.dylib
0x00007ffa1a245000 	/System/Library/Frameworks/OpenGL.framework/Versions/A/Libraries/libCoreVMClient.dylib
0x00007ff80aab1000 	/System/Library/Frameworks/MetalPerformanceShaders.framework/Versions/A/Frameworks/MPSCore.framework/Versions/A/MPSCore
0x00007ff80be73000 	/System/Library/Frameworks/MetalPerformanceShaders.framework/Versions/A/Frameworks/MPSImage.framework/Versions/A/MPSImage
0x00007ff80b919000 	/System/Library/Frameworks/MetalPerformanceShaders.framework/Versions/A/Frameworks/MPSNeuralNetwork.framework/Versions/A/MPSNeuralNetwork
0x00007ff80bd8d000 	/System/Library/Frameworks/MetalPerformanceShaders.framework/Versions/A/Frameworks/MPSMatrix.framework/Versions/A/MPSMatrix
0x00007ff80bb48000 	/System/Library/Frameworks/MetalPerformanceShaders.framework/Versions/A/Frameworks/MPSRayIntersector.framework/Versions/A/MPSRayIntersector
0x00007ff80bdc5000 	/System/Library/Frameworks/MetalPerformanceShaders.framework/Versions/A/Frameworks/MPSNDArray.framework/Versions/A/MPSNDArray
0x00007ffa1fd1e000 	/System/Library/Frameworks/MetalPerformanceShaders.framework/Versions/A/Frameworks/MPSFunctions.framework/Versions/A/MPSFunctions
0x00007ff801c00000 	/System/Library/PrivateFrameworks/MetalTools.framework/Versions/A/MetalTools
0x00007ff80ab2d000 	/System/Library/PrivateFrameworks/AggregateDictionary.framework/Versions/A/AggregateDictionary
0x00007ff80cc68000 	/usr/lib/libIOReport.dylib
0x00007ffa1b875000 	/System/Library/Frameworks/OpenCL.framework/Versions/A/OpenCL
0x00007ff80cfcc000 	/System/Library/PrivateFrameworks/FaceCore.framework/Versions/A/FaceCore
0x00007ff80cfbd000 	/System/Library/PrivateFrameworks/GraphVisualizer.framework/Versions/A/GraphVisualizer
0x00007ffb07221000 	/System/Library/PrivateFrameworks/FontServices.framework/Versions/A/FontServices
0x00007ff80d3e6000 	/System/Library/PrivateFrameworks/OTSVG.framework/Versions/A/OTSVG
0x00007ff8088e6000 	/System/Library/Frameworks/ApplicationServices.framework/Versions/A/Frameworks/ATS.framework/Versions/A/Resources/libFontRegistry.dylib
0x00007ff80d436000 	/System/Library/PrivateFrameworks/FontServices.framework/libhvf.dylib
0x00007ffb07222000 	/System/Library/PrivateFrameworks/FontServices.framework/libXTFontStaticRegistryData.dylib
0x00007ff80ce36000 	/System/Library/PrivateFrameworks/AppleVA.framework/Versions/A/AppleVA
0x00007ff80f023000 	/System/Library/Frameworks/ApplicationServices.framework/Versions/A/Frameworks/ATS.framework/Versions/A/ATS
0x00007ff806f93000 	/System/Library/Frameworks/ApplicationServices.framework/Versions/A/Frameworks/HIServices.framework/Versions/A/HIServices
0x00007ff80df2d000 	/System/Library/Frameworks/ApplicationServices.framework/Versions/A/Frameworks/PrintCore.framework/Versions/A/PrintCore
0x00007ff80f3b1000 	/System/Library/Frameworks/ApplicationServices.framework/Versions/A/Frameworks/QD.framework/Versions/A/QD
0x00007ff80f3a9000 	/System/Library/Frameworks/ApplicationServices.framework/Versions/A/Frameworks/ColorSyncLegacy.framework/Versions/A/ColorSyncLegacy
0x00007ff80f013000 	/System/Library/Frameworks/ApplicationServices.framework/Versions/A/Frameworks/SpeechSynthesis.framework/Versions/A/SpeechSynthesis
0x00007ff80deee000 	/System/Library/Frameworks/ApplicationServices.framework/Versions/A/Frameworks/ATSUI.framework/Versions/A/ATSUI
0x00007ff80f33e000 	/usr/lib/libcups.2.dylib
0x00007ff80f70d000 	/System/Library/Frameworks/Kerberos.framework/Versions/A/Kerberos
0x00007ff80f71c000 	/System/Library/Frameworks/GSS.framework/Versions/A/GSS
0x00007ff80f08f000 	/usr/lib/libresolv.9.dylib
0x00007ff80d445000 	/System/Library/PrivateFrameworks/Heimdal.framework/Versions/A/Heimdal
0x00007ff816301000 	/System/Library/Frameworks/Kerberos.framework/Versions/A/Libraries/libHeimdalProxy.dylib
0x00007ff807c50000 	/System/Library/Frameworks/Network.framework/Versions/A/Network
0x00007ff80cea0000 	/usr/lib/libheimdal-asn1.dylib
0x00007ff80f767000 	/System/Library/PrivateFrameworks/CommonAuth.framework/Versions/A/CommonAuth
0x00007ff80ef95000 	/System/Library/PrivateFrameworks/AudioSession.framework/Versions/A/AudioSession
0x00007ff80cf30000 	/System/Library/PrivateFrameworks/MediaExperience.framework/Versions/A/MediaExperience
0x00007ff80ee27000 	/System/Library/PrivateFrameworks/AudioSession.framework/libSessionUtility.dylib
0x00007ff80f3bd000 	/System/Library/PrivateFrameworks/AudioResourceArbitration.framework/Versions/A/AudioResourceArbitration
0x00007ff81343e000 	/System/Library/PrivateFrameworks/PowerLog.framework/Versions/A/PowerLog
0x00007ff80cea9000 	/System/Library/PrivateFrameworks/IconFoundation.framework/Versions/A/IconFoundation
0x00007ff8121f4000 	/System/Library/PrivateFrameworks/SpeechRecognitionCore.framework/Versions/A/SpeechRecognitionCore
0x00000001150e5000 	/Users/ap20/.vscode/extensions/redhat.java-1.34.2024080308-darwin-x64/jre/17.0.12-macosx-x86_64/lib/server/libjvm.dylib
0x000000010fb98000 	/Users/ap20/.vscode/extensions/redhat.java-1.34.2024080308-darwin-x64/jre/17.0.12-macosx-x86_64/lib/libjimage.dylib
0x000000010fbbb000 	/Users/ap20/.vscode/extensions/redhat.java-1.34.2024080308-darwin-x64/jre/17.0.12-macosx-x86_64/lib/libinstrument.dylib
0x000000010fbfd000 	/Users/ap20/.vscode/extensions/redhat.java-1.34.2024080308-darwin-x64/jre/17.0.12-macosx-x86_64/lib/libjava.dylib
0x000000010ffc1000 	/Users/ap20/.vscode/extensions/redhat.java-1.34.2024080308-darwin-x64/jre/17.0.12-macosx-x86_64/lib/libzip.dylib
0x0000000114401000 	/Users/ap20/.vscode/extensions/redhat.java-1.34.2024080308-darwin-x64/jre/17.0.12-macosx-x86_64/lib/libnio.dylib
0x000000011441d000 	/Users/ap20/.vscode/extensions/redhat.java-1.34.2024080308-darwin-x64/jre/17.0.12-macosx-x86_64/lib/libnet.dylib
0x000000011443d000 	/Users/ap20/.vscode/extensions/redhat.java-1.34.2024080308-darwin-x64/jre/17.0.12-macosx-x86_64/lib/libverify.dylib
0x0000000114455000 	/Users/ap20/Library/Application Support/Code/User/globalStorage/redhat.java/1.34.2024080308/config_mac/org.eclipse.equinox.launcher/org.eclipse.equinox.launcher.cocoa.macosx.x86_64_1.2.1100.v20240722-2106/eclipse_11904.so
0x00007ff803d91000 	/System/Library/PrivateFrameworks/CoreServicesInternal.framework/Versions/A/CoreServicesInternal
0x00007ff813a2f000 	/System/Library/Frameworks/FileProvider.framework/Versions/A/FileProvider
0x00007ff807a33000 	/System/Library/Frameworks/Accounts.framework/Versions/A/Accounts
0x00007ff813ba8000 	/System/Library/PrivateFrameworks/GenerationalStorage.framework/Versions/A/GenerationalStorage
0x00007ff8146b8000 	/System/Library/PrivateFrameworks/CoreSymbolication.framework/Versions/A/CoreSymbolication
0x00007ff813433000 	/System/Library/PrivateFrameworks/SymptomDiagnosticReporter.framework/Versions/A/SymptomDiagnosticReporter
0x00007ff805052000 	/System/Library/PrivateFrameworks/DesktopServicesPriv.framework/Versions/A/DesktopServicesPriv
0x00007ff803ed0000 	/usr/lib/libsandbox.1.dylib
0x00007ff808d7f000 	/System/Library/PrivateFrameworks/UserManagement.framework/Versions/A/UserManagement
0x00007ff81467d000 	/System/Library/PrivateFrameworks/DebugSymbols.framework/Versions/A/DebugSymbols
0x00007ff80f39e000 	/System/Library/PrivateFrameworks/NetAuth.framework/Versions/A/NetAuth
0x00007ff8102ad000 	/System/Library/PrivateFrameworks/Sharing.framework/Versions/A/Sharing
0x00007ff808d52000 	/System/Library/PrivateFrameworks/login.framework/Versions/A/Frameworks/loginsupport.framework/Versions/A/loginsupport
0x00007ff81581b000 	/System/Library/PrivateFrameworks/Apple80211.framework/Versions/A/Apple80211
0x00007ff80bf58000 	/System/Library/PrivateFrameworks/AuthKit.framework/Versions/A/AuthKit
0x00007ff80b5ad000 	/System/Library/PrivateFrameworks/CoreUtils.framework/Versions/A/CoreUtils
0x00007ff80b4d4000 	/System/Library/Frameworks/CoreWLAN.framework/Versions/A/CoreWLAN
0x00007ff81040c000 	/System/Library/Frameworks/IOBluetooth.framework/Versions/A/IOBluetooth
0x00007ff815883000 	/System/Library/PrivateFrameworks/CoreWiFi.framework/Versions/A/CoreWiFi
0x00007ff814252000 	/System/Library/PrivateFrameworks/FrontBoardServices.framework/Versions/A/FrontBoardServices
0x00007ff8142e3000 	/System/Library/PrivateFrameworks/BoardServices.framework/Versions/A/BoardServices
0x00007ff80b7bc000 	/System/Library/PrivateFrameworks/AssertionServices.framework/Versions/A/AssertionServices
0x00007ff815a06000 	/System/Library/PrivateFrameworks/BackBoardServices.framework/Versions/A/BackBoardServices
0x00007ff80f7f8000 	/System/Library/PrivateFrameworks/CorePhoneNumbers.framework/Versions/A/CorePhoneNumbers
0x00007ff80f0bc000 	/System/Library/PrivateFrameworks/MultiverseSupport.framework/Versions/A/MultiverseSupport
0x00007ff815c7a000 	/System/Library/PrivateFrameworks/RemoteServiceDiscovery.framework/Versions/A/RemoteServiceDiscovery
0x00007ff813550000 	/System/Library/PrivateFrameworks/DiskManagement.framework/Versions/A/DiskManagement
0x00007ff813464000 	/System/Library/PrivateFrameworks/AppleIDAuthSupport.framework/Versions/A/AppleIDAuthSupport
0x00007ffb01b9c000 	/System/Library/PrivateFrameworks/AAAFoundation.framework/Versions/A/AAAFoundation
0x00007ff80f7d9000 	/System/Library/PrivateFrameworks/KeychainCircle.framework/Versions/A/KeychainCircle
0x00007ff815c8a000 	/System/Library/PrivateFrameworks/RemoteXPC.framework/Versions/A/RemoteXPC
0x00007ff81351c000 	/System/Library/PrivateFrameworks/MediaKit.framework/Versions/A/MediaKit
0x00007ff813470000 	/System/Library/Frameworks/DiscRecording.framework/Versions/A/DiscRecording
0x00007ff80cdae000 	/usr/lib/libCoreStorage.dylib
0x00007ff815cf5000 	/usr/lib/libcsfde.dylib
0x00007ff8104d9000 	/System/Library/PrivateFrameworks/ProtectedCloudStorage.framework/Versions/A/ProtectedCloudStorage
0x00007ff815cf1000 	/System/Library/PrivateFrameworks/EFILogin.framework/Versions/A/EFILogin
0x00007ff813bce000 	/System/Library/PrivateFrameworks/OctagonTrust.framework/Versions/A/OctagonTrust
0x00007ffb06484000 	/System/Library/PrivateFrameworks/CoreUtilsExtras.framework/Versions/A/CoreUtilsExtras
0x00007ff813397000 	/System/Library/Frameworks/CoreBluetooth.framework/Versions/A/CoreBluetooth
0x00007ff816386000 	/System/Library/Frameworks/AudioUnit.framework/Versions/A/AudioUnit
0x00007ff80cda6000 	/usr/lib/libMatch.1.dylib
0x00007ff808a77000 	/System/Library/PrivateFrameworks/ViewBridge.framework/Versions/A/ViewBridge
0x0000000114c8a000 	/Users/ap20/.vscode/extensions/redhat.java-1.34.2024080308-darwin-x64/jre/17.0.12-macosx-x86_64/lib/libmanagement.dylib
0x0000000114c9a000 	/Users/ap20/.vscode/extensions/redhat.java-1.34.2024080308-darwin-x64/jre/17.0.12-macosx-x86_64/lib/libmanagement_ext.dylib
0x0000000114caa000 	/Users/ap20/.vscode/extensions/redhat.java-1.34.2024080308-darwin-x64/jre/17.0.12-macosx-x86_64/lib/libextnet.dylib
0x0000000114c82000 	/Users/ap20/.gradle/native/e1d6ef7f7dcc3fd88c89a11ec53ec762bb8ba0a96d01ffa2cd45eb1d1d8dd5c5/osx-amd64/libnative-platform.dylib


VM Arguments:
jvm_args: --add-modules=ALL-SYSTEM --add-opens=java.base/java.util=ALL-UNNAMED --add-opens=java.base/java.lang=ALL-UNNAMED --add-opens=java.base/sun.nio.fs=ALL-UNNAMED -Declipse.application=org.eclipse.jdt.ls.core.id1 -Dosgi.bundles.defaultStartLevel=4 -Declipse.product=org.eclipse.jdt.ls.core.product -Djava.import.generatesMetadataFilesAtProjectRoot=false -DDetectVMInstallationsJob.disabled=true -Dfile.encoding=utf8 -XX:+UseParallelGC -XX:GCTimeRatio=4 -XX:AdaptiveSizePolicyWeight=90 -Dsun.zip.disableMemoryMapping=true -Xmx1G -Xms100m -Xlog:disable -javaagent:/Users/ap20/.vscode/extensions/redhat.java-1.34.2024080308-darwin-x64/lombok/lombok-1.18.33.jar -XX:+HeapDumpOnOutOfMemoryError -XX:HeapDumpPath=/Users/ap20/Library/Application Support/Code/User/workspaceStorage/edca37e6618c3adfe238a00c88225ab0/redhat.java -Daether.dependencyCollector.impl=bf 
java_command: /Users/ap20/.vscode/extensions/redhat.java-1.34.2024080308-darwin-x64/server/plugins/org.eclipse.equinox.launcher_1.6.900.v20240613-2009.jar -configuration /Users/ap20/Library/Application Support/Code/User/globalStorage/redhat.java/1.34.2024080308/config_mac -data /Users/ap20/Library/Application Support/Code/User/workspaceStorage/edca37e6618c3adfe238a00c88225ab0/redhat.java/jdt_ws --pipe=/private/var/folders/5b/vwmptz0s5wx33k249kc8dmjw0000gn/T/lsp-4dcf36fa75a782cf4093a27997527e87.sock
java_class_path (initial): /Users/ap20/.vscode/extensions/redhat.java-1.34.2024080308-darwin-x64/server/plugins/org.eclipse.equinox.launcher_1.6.900.v20240613-2009.jar
Launcher Type: SUN_STANDARD

[Global flags]
    uintx AdaptiveSizePolicyWeight                 = 90                                        {product} {command line}
     intx CICompilerCount                          = 4                                         {product} {ergonomic}
    uintx GCTimeRatio                              = 4                                         {product} {command line}
     bool HeapDumpOnOutOfMemoryError               = true                                   {manageable} {command line}
    ccstr HeapDumpPath                             = /Users/ap20/Library/Application Support/Code/User/workspaceStorage/edca37e6618c3adfe238a00c88225ab0/redhat.java         {manageable} {command line}
   size_t InitialHeapSize                          = 104857600                                 {product} {command line}
   size_t MaxHeapSize                              = 1073741824                                {product} {command line}
   size_t MaxNewSize                               = 357564416                                 {product} {ergonomic}
   size_t MinHeapDeltaBytes                        = 524288                                    {product} {ergonomic}
   size_t MinHeapSize                              = 104857600                                 {product} {command line}
   size_t NewSize                                  = 34603008                                  {product} {ergonomic}
    uintx NonNMethodCodeHeapSize                   = 5839372                                {pd product} {ergonomic}
    uintx NonProfiledCodeHeapSize                  = 122909434                              {pd product} {ergonomic}
   size_t OldSize                                  = 70254592                                  {product} {ergonomic}
    uintx ProfiledCodeHeapSize                     = 122909434                              {pd product} {ergonomic}
    uintx ReservedCodeCacheSize                    = 251658240                              {pd product} {ergonomic}
     bool SegmentedCodeCache                       = true                                      {product} {ergonomic}
   size_t SoftMaxHeapSize                          = 1073741824                             {manageable} {ergonomic}
     bool UseCompressedClassPointers               = true                           {product lp64_product} {ergonomic}
     bool UseCompressedOops                        = true                           {product lp64_product} {ergonomic}
     bool UseNUMA                                  = false                                     {product} {ergonomic}
     bool UseNUMAInterleaving                      = false                                     {product} {ergonomic}
     bool UseParallelGC                            = true                                      {product} {command line}

Logging:
Log output configuration:
 #0: stdout all=off uptime,level,tags
 #1: stderr all=off uptime,level,tags

Environment Variables:
JAVA_HOME=/Applications/Android Studio.app/Contents/jre/Contents/Home
PATH=/Users/ap20/.rvm/gems/ruby-2.7.4/bin:/Users/ap20/.rvm/gems/ruby-2.7.4@global/bin:/Users/ap20/.rvm/rubies/ruby-2.7.4/bin:/bin:/usr/bin:/usr/local/bin:/usr/local/opt/libpq/bin:/usr/local/bin:/usr/bin:/bin:/usr/sbin:/sbin:/usr/local/go/bin:/Users/ap20/go/bin:/Users/ap20/Library/Android/sdk/emulator:/Users/ap20/Library/Android/sdk/platform-tools:/Users/ap20/.rvm/bin:/Users/ap20/fvm/flutter_sdk/bin:/Users/ap20/.pub-cache/bin
SHELL=/bin/zsh
TMPDIR=/var/folders/5b/vwmptz0s5wx33k249kc8dmjw0000gn/T/

Active Locale:
LC_ALL=C
LC_COLLATE=C
LC_CTYPE=C
LC_MESSAGES=C
LC_MONETARY=C
LC_NUMERIC=C
LC_TIME=C

Signal Handlers:
   SIGSEGV: crash_handler in libjvm.dylib, mask=11100110000111110111111111111111, flags=SA_RESTART|SA_SIGINFO, unblocked
    SIGBUS: crash_handler in libjvm.dylib, mask=11100110000111110111111111111111, flags=SA_RESTART|SA_SIGINFO, unblocked
    SIGFPE: crash_handler in libjvm.dylib, mask=11100110000111110111111111111111, flags=SA_RESTART|SA_SIGINFO, unblocked
   SIGPIPE: javaSignalHandler in libjvm.dylib, mask=11100110000111110111111111111111, flags=SA_RESTART|SA_SIGINFO, blocked
   SIGXFSZ: javaSignalHandler in libjvm.dylib, mask=11100110000111110111111111111111, flags=SA_RESTART|SA_SIGINFO, blocked
    SIGILL: crash_handler in libjvm.dylib, mask=11100110000111110111111111111111, flags=SA_RESTART|SA_SIGINFO, unblocked
   SIGUSR2: SR_handler in libjvm.dylib, mask=00000000000000000000000000000000, flags=SA_RESTART|SA_SIGINFO, blocked
    SIGHUP: UserHandler in libjvm.dylib, mask=11100110000111110111111111111111, flags=SA_RESTART|SA_SIGINFO, blocked
    SIGINT: UserHandler in libjvm.dylib, mask=11100110000111110111111111111111, flags=SA_RESTART|SA_SIGINFO, blocked
   SIGTERM: UserHandler in libjvm.dylib, mask=11100110000111110111111111111111, flags=SA_RESTART|SA_SIGINFO, blocked
   SIGQUIT: UserHandler in libjvm.dylib, mask=11100110000111110111111111111111, flags=SA_RESTART|SA_SIGINFO, blocked
   SIGTRAP: crash_handler in libjvm.dylib, mask=11100110000111110111111111111111, flags=SA_RESTART|SA_SIGINFO, unblocked


Periodic native trim disabled


---------------  S Y S T E M  ---------------

OS:
uname: Darwin 21.6.0 Darwin Kernel Version 21.6.0: Thu Sep 29 20:12:57 PDT 2022; root:xnu-8020.240.7~1/RELEASE_X86_64 x86_64
OS uptime: 2 days 13:26 hours
rlimit (soft/hard): STACK 8192k/65532k , CORE 0k/infinity , NPROC 2784/4176 , NOFILE 10240/infinity , AS infinity/infinity , CPU infinity/infinity , DATA infinity/infinity , FSIZE infinity/infinity , MEMLOCK infinity/infinity , RSS infinity/infinity
load average: 23.06 9.28 5.48

CPU: total 8 (initial active 8) (4 cores per cpu, 2 threads per core) family 6 model 94 stepping 3 microcode 0xf0, cx8, cmov, fxsr, ht, mmx, 3dnowpref, sse, sse2, sse3, ssse3, sse4.1, sse4.2, popcnt, lzcnt, tsc, tscinvbit, avx, avx2, aes, erms, clmul, bmi1, bmi2, rtm, adx, fma, vzeroupper, clflush, clflushopt
machdep.cpu.brand_string:Intel(R) Core(TM) i7-6920HQ CPU @ 2.90GHz
hw.cpufrequency:2900000000
hw.cpufrequency_min:2900000000
hw.cpufrequency_max:2900000000
hw.cachelinesize:64
hw.l1icachesize:32768
hw.l1dcachesize:32768
hw.l2cachesize:262144
hw.l3cachesize:8388608

Memory: 4k page, physical 16777216k(28732k free), swap 2097152k(1408768k free)

vm_info: OpenJDK 64-Bit Server VM (17.0.12+7) for bsd-amd64 JRE (17.0.12+7), built on Jul 16 2024 00:00:00 by "admin" with clang Apple LLVM 15.0.0 (clang-1500.1.0.2.5)

END.
